    OpenRGB v0.9
    Commit:  from 
    Launched: 20240313_165708
====================================================================================================

0     |Info:    Found file: rgb.orp attempting to validate header
0     |Info:    Valid v4 profile found for rgb
1016  |Info:    ------------------------------------------------------
1016  |Info:    |               Start device detection               |
1016  |Info:    ------------------------------------------------------
1019  |Info:    Initializing HID interfaces: Success
1052  |Info:    ------------------------------------------------------
1052  |Info:    |             Detecting I2C interfaces               |
1052  |Info:    ------------------------------------------------------
1052  |Info:    Registering I2C interface: /dev/i2c-3 Device 1002:73DF Subsystem: 1DA2:E445
1052  |Info:    Registering I2C interface: /dev/i2c-10 Device 8086:3E92 Subsystem: 1849:3E92
1052  |Info:    Registering I2C interface: /dev/i2c-1 Device 1002:73DF Subsystem: 1DA2:E445
1052  |Warning: [i2c_smbus_linux] Failed to read i2c device PCI device ID
1052  |Info:    Registering I2C interface: /dev/i2c-8 Device 0000:0000 Subsystem: 0000:0000
1053  |Warning: [i2c_smbus_linux] Failed to read i2c device PCI device ID
1053  |Info:    Registering I2C interface: /dev/i2c-6 Device 0000:0000 Subsystem: 0000:0000
1053  |Warning: [i2c_smbus_linux] Failed to read i2c device PCI device ID
1053  |Info:    Registering I2C interface: /dev/i2c-13 Device 0000:0000 Subsystem: 0000:0000
1053  |Info:    Registering I2C interface: /dev/i2c-4 Device 1002:73DF Subsystem: 1DA2:E445
1053  |Info:    Registering I2C interface: /dev/i2c-11 Device 8086:3E92 Subsystem: 1849:3E92
1053  |Info:    Registering I2C interface: /dev/i2c-2 Device 1002:73DF Subsystem: 1DA2:E445
1053  |Info:    Registering I2C interface: /dev/i2c-0 Device 1002:73DF Subsystem: 1DA2:E445
1054  |Info:    Registering I2C interface: /dev/i2c-9 Device 8086:A2A3 Subsystem: 1849:A2A3
1054  |Warning: [i2c_smbus_linux] Failed to read i2c device PCI device ID
1054  |Info:    Registering I2C interface: /dev/i2c-7 Device 0000:0000 Subsystem: 0000:0000
1054  |Warning: [i2c_smbus_linux] Failed to read i2c device PCI device ID
1054  |Info:    Registering I2C interface: /dev/i2c-14 Device 0000:0000 Subsystem: 0000:0000
1054  |Info:    Registering I2C interface: /dev/i2c-5 Device 1002:73DF Subsystem: 1DA2:E445
1054  |Info:    Registering I2C interface: /dev/i2c-12 Device 8086:3E92 Subsystem: 1849:3E92
1054  |Info:    ------------------------------------------------------
1054  |Info:    |               Detecting I2C devices                |
1054  |Info:    ------------------------------------------------------
1245  |Info:    [ENE DRAM] Registering RGB controller
1399  |Info:    [ENE DRAM] Registering RGB controller
2029  |Info:    [ASRock Z370 Professional Gaming i7] Registering RGB controller
2029  |Info:    ------------------------------------------------------
2029  |Info:    |               Detecting I2C PCI devices            |
2029  |Info:    ------------------------------------------------------
2092  |Info:    ------------------------------------------------------
2092  |Info:    |               Detecting HID devices                |
2092  |Info:    ------------------------------------------------------
2104  |Info:    [Razer Viper Ultimate (Wireless)] Registering RGB controller
2117  |Info:    [Razer Viper Ultimate (Wired)] Registering RGB controller
2117  |Info:    ------------------------------------------------------
2117  |Info:    |            Detecting libusb HID devices            |
2117  |Info:    ------------------------------------------------------
2147  |Info:    ------------------------------------------------------
2147  |Info:    |              Detecting other devices               |
2147  |Info:    ------------------------------------------------------
2161  |Info:    ------------------------------------------------------
2161  |Info:    |                Detection completed                 |
2161  |Info:    ------------------------------------------------------
47745 |Info:    Found file: rgb.orp attempting to validate header
47745 |Info:    Valid v4 profile found for rgb
59339 |Info:    Found file: rgb.orp attempting to validate header
59339 |Info:    Valid v4 profile found for rgb
78881 |Info:    Profile loading: Succeeded for ENE DRAM @ I2C: /dev/i2c-9, address 0x71
78881 |Info:    Profile loading: Succeeded for ENE DRAM @ I2C: /dev/i2c-9, address 0x73
78881 |Info:    Profile loading: Succeeded for ASRock Z370 Professional Gaming i7 @ I2C: /dev/i2c-9, address 0x6A
78881 |Info:    Profile loading: Succeeded for Razer Viper Ultimate (Wireless) @ HID: /dev/hidraw0
78881 |Info:    Profile loading: Succeeded for Razer Viper Ultimate (Wired) @ HID: /dev/hidraw8
79134 |Info:    Profile loading: Succeeded for ENE DRAM @ I2C: /dev/i2c-9, address 0x71
79134 |Info:    Profile loading: Succeeded for ENE DRAM @ I2C: /dev/i2c-9, address 0x73
79134 |Info:    Profile loading: Succeeded for ASRock Z370 Professional Gaming i7 @ I2C: /dev/i2c-9, address 0x6A
79134 |Info:    Profile loading: Succeeded for Razer Viper Ultimate (Wireless) @ HID: /dev/hidraw0
79134 |Info:    Profile loading: Succeeded for Razer Viper Ultimate (Wired) @ HID: /dev/hidraw8
