    OpenRGB v0.9
    Commit:  from 
    Launched: 20240313_095343
====================================================================================================

0     |Info:    Found file: rgb.orp attempting to validate header
0     |Info:    Valid v4 profile found for rgb
1015  |Info:    ------------------------------------------------------
1015  |Info:    |               Start device detection               |
1015  |Info:    ------------------------------------------------------
1016  |Info:    Initializing HID interfaces: Success
1028  |Info:    ------------------------------------------------------
1028  |Info:    |             Detecting I2C interfaces               |
1028  |Info:    ------------------------------------------------------
1058  |Info:    Registering I2C interface: /dev/i2c-3 Device 1002:73DF Subsystem: 1DA2:E445
1058  |Info:    Registering I2C interface: /dev/i2c-10 Device 8086:3E92 Subsystem: 1849:3E92
1058  |Info:    Registering I2C interface: /dev/i2c-1 Device 1002:73DF Subsystem: 1DA2:E445
1058  |Warning: [i2c_smbus_linux] Failed to read i2c device PCI device ID
1058  |Info:    Registering I2C interface: /dev/i2c-8 Device 0000:0000 Subsystem: 0000:0000
1058  |Warning: [i2c_smbus_linux] Failed to read i2c device PCI device ID
1058  |Info:    Registering I2C interface: /dev/i2c-6 Device 0000:0000 Subsystem: 0000:0000
1058  |Warning: [i2c_smbus_linux] Failed to read i2c device PCI device ID
1058  |Info:    Registering I2C interface: /dev/i2c-13 Device 0000:0000 Subsystem: 0000:0000
1058  |Info:    Registering I2C interface: /dev/i2c-4 Device 1002:73DF Subsystem: 1DA2:E445
1059  |Info:    Registering I2C interface: /dev/i2c-11 Device 8086:3E92 Subsystem: 1849:3E92
1059  |Info:    Registering I2C interface: /dev/i2c-2 Device 1002:73DF Subsystem: 1DA2:E445
1059  |Info:    Registering I2C interface: /dev/i2c-0 Device 1002:73DF Subsystem: 1DA2:E445
1059  |Info:    Registering I2C interface: /dev/i2c-9 Device 8086:A2A3 Subsystem: 1849:A2A3
1059  |Warning: [i2c_smbus_linux] Failed to read i2c device PCI device ID
1059  |Info:    Registering I2C interface: /dev/i2c-7 Device 0000:0000 Subsystem: 0000:0000
1059  |Warning: [i2c_smbus_linux] Failed to read i2c device PCI device ID
1059  |Info:    Registering I2C interface: /dev/i2c-14 Device 0000:0000 Subsystem: 0000:0000
1059  |Info:    Registering I2C interface: /dev/i2c-5 Device 1002:73DF Subsystem: 1DA2:E445
1059  |Info:    Registering I2C interface: /dev/i2c-12 Device 8086:3E92 Subsystem: 1849:3E92
1059  |Info:    ------------------------------------------------------
1059  |Info:    |               Detecting I2C devices                |
1059  |Info:    ------------------------------------------------------
1198  |Info:    [ENE DRAM] Registering RGB controller
1337  |Info:    [ENE DRAM] Registering RGB controller
1971  |Info:    [ASRock Z370 Professional Gaming i7] Registering RGB controller
1972  |Info:    ------------------------------------------------------
1972  |Info:    |               Detecting I2C PCI devices            |
1972  |Info:    ------------------------------------------------------
2035  |Info:    ------------------------------------------------------
2035  |Info:    |               Detecting HID devices                |
2035  |Info:    ------------------------------------------------------
2047  |Info:    [Razer Viper Ultimate (Wireless)] Registering RGB controller
2059  |Info:    [Razer Viper Ultimate (Wired)] Registering RGB controller
2060  |Info:    ------------------------------------------------------
2060  |Info:    |            Detecting libusb HID devices            |
2060  |Info:    ------------------------------------------------------
2086  |Info:    ------------------------------------------------------
2086  |Info:    |              Detecting other devices               |
2086  |Info:    ------------------------------------------------------
2098  |Info:    ------------------------------------------------------
2098  |Info:    |                Detection completed                 |
2098  |Info:    ------------------------------------------------------
7801  |Info:    Found file: rgb.orp attempting to validate header
7801  |Info:    Valid v4 profile found for rgb
14218 |Info:    Found file: rgb.orp attempting to validate header
14218 |Info:    Valid v4 profile found for rgb
18385 |Info:    Found file: rgb.orp attempting to validate header
18385 |Info:    Valid v4 profile found for rgb
