2026-02-01 19:55:08.458 [info] Reading sessions from keychain...
2026-02-01 19:55:08.458 [info] Getting sessions for all scopes...
2026-02-01 19:55:08.458 [info] Got 0 sessions for ...
2026-02-01 19:55:08.458 [info] Getting sessions for all scopes...
2026-02-01 19:55:08.458 [info] Got 0 sessions for ...
2026-02-01 19:55:08.458 [info] Getting sessions for all scopes...
2026-02-01 19:55:08.458 [info] Got 0 sessions for ...
2026-02-01 19:55:08.458 [info] Getting sessions for all scopes...
2026-02-01 19:55:08.458 [info] Got 0 sessions for ...
2026-02-01 19:55:08.458 [info] Getting sessions for all scopes...
2026-02-01 19:55:08.458 [info] Got 0 sessions for ...
2026-02-01 19:55:08.458 [info] Getting sessions for all scopes...
2026-02-01 19:55:08.458 [info] Got 0 sessions for ...
2026-02-01 19:55:08.458 [info] Getting sessions for all scopes...
2026-02-01 19:55:08.458 [info] Got 0 sessions for ...
2026-02-01 19:55:08.458 [info] Getting sessions for all scopes...
2026-02-01 19:55:08.458 [info] Got 0 sessions for ...
2026-02-01 19:55:08.458 [info] Getting sessions for all scopes...
2026-02-01 19:55:08.458 [info] Got 0 sessions for ...
2026-02-01 19:55:08.458 [info] Getting sessions for all scopes...
2026-02-01 19:55:08.458 [info] Got 0 sessions for ...
2026-02-01 19:55:08.458 [info] Getting sessions for all scopes...
2026-02-01 19:55:08.458 [info] Got 0 sessions for ...
2026-02-01 19:55:08.458 [info] Getting sessions for all scopes...
2026-02-01 19:55:08.458 [info] Got 0 sessions for ...
2026-02-01 19:55:08.458 [info] Getting sessions for all scopes...
2026-02-01 19:55:08.458 [info] Got 0 sessions for ...
2026-02-01 19:55:08.458 [info] Getting sessions for all scopes...
2026-02-01 19:55:08.458 [info] Got 0 sessions for ...
2026-02-01 19:55:08.458 [info] Getting sessions for all scopes...
2026-02-01 19:55:08.458 [info] Got 0 sessions for ...
2026-02-01 19:55:08.458 [info] Getting sessions for all scopes...
2026-02-01 19:55:08.458 [info] Got 0 sessions for ...
2026-02-01 19:55:08.458 [info] Getting sessions for all scopes...
2026-02-01 19:55:08.458 [info] Got 0 sessions for ...
2026-02-01 19:55:08.458 [info] Getting sessions for all scopes...
2026-02-01 19:55:08.458 [info] Got 0 sessions for ...
2026-02-01 19:55:08.458 [info] Getting sessions for user:email...
2026-02-01 19:55:08.458 [info] Got 0 sessions for user:email...
2026-02-01 19:55:08.458 [info] Getting sessions for read:user,repo,user:email,workflow...
2026-02-01 19:55:08.458 [info] Got 0 sessions for read:user,repo,user:email,workflow...
2026-02-01 19:55:08.709 [info] Getting sessions for all scopes...
2026-02-01 19:55:08.709 [info] Got 0 sessions for ...
2026-02-01 19:55:09.020 [info] Getting sessions for all scopes...
2026-02-01 19:55:09.020 [info] Got 0 sessions for ...
2026-02-01 19:55:09.020 [info] Getting sessions for all scopes...
2026-02-01 19:55:09.020 [info] Got 0 sessions for ...
2026-02-01 19:55:09.024 [info] Getting sessions for all scopes...
2026-02-01 19:55:09.024 [info] Got 0 sessions for ...
2026-02-01 19:55:09.029 [info] Getting sessions for user:email...
2026-02-01 19:55:09.029 [info] Got 0 sessions for user:email...
2026-02-01 19:55:09.293 [info] Getting sessions for read:user,repo,user:email,workflow...
2026-02-01 19:55:09.293 [info] Got 0 sessions for read:user,repo,user:email,workflow...
2026-02-01 19:55:09.295 [info] Getting sessions for all scopes...
2026-02-01 19:55:09.295 [info] Got 0 sessions for ...
2026-02-01 19:55:09.299 [info] Getting sessions for user:email...
2026-02-01 19:55:09.299 [info] Got 0 sessions for user:email...
2026-02-01 19:55:09.303 [info] Getting sessions for all scopes...
2026-02-01 19:55:09.303 [info] Got 0 sessions for ...
2026-02-01 19:55:09.304 [info] Getting sessions for all scopes...
2026-02-01 19:55:09.304 [info] Got 0 sessions for ...
2026-02-01 19:55:09.304 [info] Getting sessions for all scopes...
2026-02-01 19:55:09.304 [info] Got 0 sessions for ...
2026-02-01 19:55:09.305 [info] Getting sessions for read:user,repo,user:email,workflow...
2026-02-01 19:55:09.305 [info] Got 0 sessions for read:user,repo,user:email,workflow...
2026-02-01 19:55:09.991 [info] Getting sessions for all scopes...
2026-02-01 19:55:09.991 [info] Got 0 sessions for ...
2026-02-01 19:55:09.992 [info] Getting sessions for read:user,repo,user:email,workflow...
2026-02-01 19:55:09.992 [info] Got 0 sessions for read:user,repo,user:email,workflow...
2026-02-01 19:55:14.616 [info] Getting sessions for all scopes...
2026-02-01 19:55:14.616 [info] Got 0 sessions for ...
2026-02-01 19:55:14.624 [info] Getting sessions for user:email...
2026-02-01 19:55:14.624 [info] Got 0 sessions for user:email...
2026-02-01 19:55:14.633 [info] Getting sessions for all scopes...
2026-02-01 19:55:14.633 [info] Got 0 sessions for ...
2026-02-01 19:55:14.636 [info] Getting sessions for all scopes...
2026-02-01 19:55:14.637 [info] Got 0 sessions for ...
2026-02-01 19:55:15.780 [info] Getting sessions for all scopes...
2026-02-01 19:55:15.780 [info] Got 0 sessions for ...
2026-02-01 19:55:15.781 [info] Getting sessions for user:email...
2026-02-01 19:55:15.781 [info] Got 0 sessions for user:email...
2026-02-01 19:55:17.043 [info] Getting sessions for all scopes...
2026-02-01 19:55:17.043 [info] Got 0 sessions for ...
2026-02-01 19:55:17.044 [info] Getting sessions for user:email...
2026-02-01 19:55:17.044 [info] Got 0 sessions for user:email...
2026-02-01 19:55:22.044 [info] Getting sessions for all scopes...
2026-02-01 19:55:22.044 [info] Got 0 sessions for ...
2026-02-01 19:55:22.045 [info] Getting sessions for user:email...
2026-02-01 19:55:22.045 [info] Got 0 sessions for user:email...
2026-02-01 19:58:57.431 [info] Getting sessions for all scopes...
2026-02-01 19:58:57.431 [info] Got 0 sessions for ...
2026-02-01 19:58:57.432 [info] Getting sessions for user:email...
2026-02-01 19:58:57.432 [info] Got 0 sessions for user:email...
2026-02-01 19:59:02.431 [info] Getting sessions for all scopes...
2026-02-01 19:59:02.431 [info] Got 0 sessions for ...
2026-02-01 19:59:02.432 [info] Getting sessions for user:email...
2026-02-01 19:59:02.432 [info] Got 0 sessions for user:email...
2026-02-01 19:59:06.894 [info] Getting sessions for all scopes...
2026-02-01 19:59:06.894 [info] Got 0 sessions for ...
2026-02-01 19:59:06.895 [info] Getting sessions for user:email...
2026-02-01 19:59:06.895 [info] Got 0 sessions for user:email...
2026-02-01 19:59:10.309 [info] Getting sessions for all scopes...
2026-02-01 19:59:10.309 [info] Got 0 sessions for ...
2026-02-01 19:59:10.310 [info] Getting sessions for user:email...
2026-02-01 19:59:10.311 [info] Got 0 sessions for user:email...
2026-02-01 19:59:15.309 [info] Getting sessions for all scopes...
2026-02-01 19:59:15.309 [info] Got 0 sessions for ...
2026-02-01 19:59:15.310 [info] Getting sessions for user:email...
2026-02-01 19:59:15.310 [info] Got 0 sessions for user:email...
2026-02-01 20:03:40.878 [info] Getting sessions for all scopes...
2026-02-01 20:03:40.878 [info] Got 0 sessions for ...
2026-02-01 20:03:40.879 [info] Getting sessions for user:email...
2026-02-01 20:03:40.879 [info] Got 0 sessions for user:email...
2026-02-01 20:03:42.227 [info] Getting sessions for all scopes...
2026-02-01 20:03:42.227 [info] Got 0 sessions for ...
2026-02-01 20:03:42.228 [info] Getting sessions for user:email...
2026-02-01 20:03:42.228 [info] Got 0 sessions for user:email...
2026-02-01 20:03:43.127 [info] Getting sessions for all scopes...
2026-02-01 20:03:43.127 [info] Got 0 sessions for ...
2026-02-01 20:03:43.128 [info] Getting sessions for user:email...
2026-02-01 20:03:43.128 [info] Got 0 sessions for user:email...
2026-02-01 20:03:44.487 [info] Getting sessions for all scopes...
2026-02-01 20:03:44.487 [info] Got 0 sessions for ...
2026-02-01 20:03:44.488 [info] Getting sessions for user:email...
2026-02-01 20:03:44.488 [info] Got 0 sessions for user:email...
2026-02-01 20:03:45.444 [info] Getting sessions for all scopes...
2026-02-01 20:03:45.444 [info] Got 0 sessions for ...
2026-02-01 20:03:45.445 [info] Getting sessions for user:email...
2026-02-01 20:03:45.445 [info] Got 0 sessions for user:email...
2026-02-01 20:03:50.444 [info] Getting sessions for all scopes...
2026-02-01 20:03:50.444 [info] Got 0 sessions for ...
2026-02-01 20:03:50.445 [info] Getting sessions for user:email...
2026-02-01 20:03:50.445 [info] Got 0 sessions for user:email...
2026-02-01 20:03:51.270 [info] Getting sessions for all scopes...
2026-02-01 20:03:51.270 [info] Got 0 sessions for ...
2026-02-01 20:03:51.271 [info] Getting sessions for user:email...
2026-02-01 20:03:51.271 [info] Got 0 sessions for user:email...
2026-02-01 20:03:52.253 [info] Getting sessions for all scopes...
2026-02-01 20:03:52.253 [info] Got 0 sessions for ...
2026-02-01 20:03:52.255 [info] Getting sessions for user:email...
2026-02-01 20:03:52.255 [info] Got 0 sessions for user:email...
2026-02-01 20:03:57.253 [info] Getting sessions for all scopes...
2026-02-01 20:03:57.253 [info] Got 0 sessions for ...
2026-02-01 20:03:57.254 [info] Getting sessions for user:email...
2026-02-01 20:03:57.254 [info] Got 0 sessions for user:email...
