2026-02-01 20:19:00.941 [info] Reading sessions from keychain...
2026-02-01 20:19:00.941 [info] Getting sessions for all scopes...
2026-02-01 20:19:00.941 [info] Got 0 sessions for ...
2026-02-01 20:19:00.941 [info] Getting sessions for all scopes...
2026-02-01 20:19:00.941 [info] Got 0 sessions for ...
2026-02-01 20:19:00.941 [info] Getting sessions for all scopes...
2026-02-01 20:19:00.941 [info] Got 0 sessions for ...
2026-02-01 20:19:00.941 [info] Getting sessions for all scopes...
2026-02-01 20:19:00.941 [info] Got 0 sessions for ...
2026-02-01 20:19:00.941 [info] Getting sessions for all scopes...
2026-02-01 20:19:00.941 [info] Got 0 sessions for ...
2026-02-01 20:19:00.941 [info] Getting sessions for all scopes...
2026-02-01 20:19:00.941 [info] Got 0 sessions for ...
2026-02-01 20:19:00.941 [info] Getting sessions for all scopes...
2026-02-01 20:19:00.941 [info] Got 0 sessions for ...
2026-02-01 20:19:00.941 [info] Getting sessions for all scopes...
2026-02-01 20:19:00.941 [info] Got 0 sessions for ...
2026-02-01 20:19:00.941 [info] Getting sessions for all scopes...
2026-02-01 20:19:00.941 [info] Got 0 sessions for ...
2026-02-01 20:19:00.941 [info] Getting sessions for all scopes...
2026-02-01 20:19:00.941 [info] Got 0 sessions for ...
2026-02-01 20:19:00.941 [info] Getting sessions for all scopes...
2026-02-01 20:19:00.941 [info] Got 0 sessions for ...
2026-02-01 20:19:00.941 [info] Getting sessions for all scopes...
2026-02-01 20:19:00.941 [info] Got 0 sessions for ...
2026-02-01 20:19:00.941 [info] Getting sessions for all scopes...
2026-02-01 20:19:00.941 [info] Got 0 sessions for ...
2026-02-01 20:19:00.941 [info] Getting sessions for all scopes...
2026-02-01 20:19:00.941 [info] Got 0 sessions for ...
2026-02-01 20:19:00.941 [info] Getting sessions for all scopes...
2026-02-01 20:19:00.941 [info] Got 0 sessions for ...
2026-02-01 20:19:00.941 [info] Getting sessions for all scopes...
2026-02-01 20:19:00.941 [info] Got 0 sessions for ...
2026-02-01 20:19:00.941 [info] Getting sessions for all scopes...
2026-02-01 20:19:00.941 [info] Got 0 sessions for ...
2026-02-01 20:19:00.941 [info] Getting sessions for all scopes...
2026-02-01 20:19:00.941 [info] Got 0 sessions for ...
2026-02-01 20:19:00.941 [info] Getting sessions for user:email...
2026-02-01 20:19:00.941 [info] Got 0 sessions for user:email...
2026-02-01 20:19:00.941 [info] Getting sessions for read:user,repo,user:email,workflow...
2026-02-01 20:19:00.941 [info] Got 0 sessions for read:user,repo,user:email,workflow...
2026-02-01 20:19:00.989 [info] Getting sessions for all scopes...
2026-02-01 20:19:00.989 [info] Got 0 sessions for ...
2026-02-01 20:19:00.990 [info] Getting sessions for user:email...
2026-02-01 20:19:00.990 [info] Got 0 sessions for user:email...
2026-02-01 20:19:01.241 [info] Getting sessions for all scopes...
2026-02-01 20:19:01.241 [info] Got 0 sessions for ...
2026-02-01 20:19:01.241 [info] Getting sessions for all scopes...
2026-02-01 20:19:01.241 [info] Got 0 sessions for ...
2026-02-01 20:19:01.241 [info] Getting sessions for all scopes...
2026-02-01 20:19:01.241 [info] Got 0 sessions for ...
2026-02-01 20:19:01.264 [info] Getting sessions for user:email...
2026-02-01 20:19:01.264 [info] Got 0 sessions for user:email...
2026-02-01 20:19:01.264 [info] Getting sessions for read:user,repo,user:email,workflow...
2026-02-01 20:19:01.264 [info] Got 0 sessions for read:user,repo,user:email,workflow...
2026-02-01 20:19:01.753 [info] Getting sessions for all scopes...
2026-02-01 20:19:01.753 [info] Got 0 sessions for ...
