2026-02-01 19:55:08.754 [info] [main] Log level: Info
2026-02-01 19:55:08.754 [info] [main] Validating found git in: "git"
2026-02-01 19:55:08.754 [info] [main] Using git "2.52.0" from "git"
2026-02-01 19:55:08.754 [info] [Model][doInitialScan] Initial repository scan started
2026-02-01 19:55:08.754 [info] > git rev-parse --show-toplevel [6ms]
2026-02-01 19:55:08.754 [info] fatal: not a git repository (or any of the parent directories): .git
2026-02-01 19:55:08.754 [info] [Model][doInitialScan] Initial repository scan completed - repositories (0), closed repositories (0), parent repositories (0), unsafe repositories (0)
2026-02-01 20:02:57.673 [info] > git rev-parse --show-toplevel [1ms]
2026-02-01 20:02:57.673 [info] fatal: not a git repository (or any of the parent directories): .git
2026-02-01 20:03:02.730 [info] > git rev-parse --show-toplevel [1ms]
2026-02-01 20:03:02.730 [info] fatal: not a git repository (or any of the parent directories): .git
2026-02-01 20:03:11.454 [info] > git rev-parse --show-toplevel [1ms]
2026-02-01 20:03:11.454 [info] fatal: not a git repository (or any of the parent directories): .git
2026-02-01 20:03:18.147 [info] > git rev-parse --show-toplevel [1ms]
2026-02-01 20:03:18.147 [info] fatal: not a git repository (or any of the parent directories): .git
2026-02-01 20:03:22.149 [info] > git rev-parse --show-toplevel [1ms]
2026-02-01 20:03:22.149 [info] fatal: not a git repository (or any of the parent directories): .git
2026-02-01 20:03:32.860 [info] > git rev-parse --show-toplevel [1ms]
2026-02-01 20:03:32.860 [info] fatal: not a git repository (or any of the parent directories): .git
2026-02-01 20:03:36.614 [info] > git rev-parse --show-toplevel [1ms]
2026-02-01 20:03:36.614 [info] fatal: not a git repository (or any of the parent directories): .git
