2026-02-01 19:51:38.895 [info] Reading sessions from keychain...
2026-02-01 19:51:38.895 [info] Getting sessions for all scopes...
2026-02-01 19:51:38.895 [info] Got 0 sessions for ...
2026-02-01 19:51:38.895 [info] Getting sessions for all scopes...
2026-02-01 19:51:38.895 [info] Got 0 sessions for ...
2026-02-01 19:51:38.895 [info] Getting sessions for all scopes...
2026-02-01 19:51:38.895 [info] Got 0 sessions for ...
2026-02-01 19:51:38.895 [info] Getting sessions for all scopes...
2026-02-01 19:51:38.895 [info] Got 0 sessions for ...
2026-02-01 19:51:38.895 [info] Getting sessions for all scopes...
2026-02-01 19:51:38.895 [info] Got 0 sessions for ...
2026-02-01 19:51:38.895 [info] Getting sessions for all scopes...
2026-02-01 19:51:38.895 [info] Got 0 sessions for ...
2026-02-01 19:51:38.895 [info] Getting sessions for all scopes...
2026-02-01 19:51:38.895 [info] Got 0 sessions for ...
2026-02-01 19:51:38.895 [info] Getting sessions for all scopes...
2026-02-01 19:51:38.895 [info] Got 0 sessions for ...
2026-02-01 19:51:38.895 [info] Getting sessions for all scopes...
2026-02-01 19:51:38.895 [info] Got 0 sessions for ...
2026-02-01 19:51:38.895 [info] Getting sessions for all scopes...
2026-02-01 19:51:38.895 [info] Got 0 sessions for ...
2026-02-01 19:51:38.895 [info] Getting sessions for all scopes...
2026-02-01 19:51:38.895 [info] Got 0 sessions for ...
2026-02-01 19:51:38.895 [info] Getting sessions for all scopes...
2026-02-01 19:51:38.895 [info] Got 0 sessions for ...
2026-02-01 19:51:38.895 [info] Getting sessions for all scopes...
2026-02-01 19:51:38.895 [info] Got 0 sessions for ...
2026-02-01 19:51:38.895 [info] Getting sessions for all scopes...
2026-02-01 19:51:38.895 [info] Got 0 sessions for ...
2026-02-01 19:51:38.895 [info] Getting sessions for all scopes...
2026-02-01 19:51:38.895 [info] Got 0 sessions for ...
2026-02-01 19:51:38.895 [info] Getting sessions for all scopes...
2026-02-01 19:51:38.895 [info] Got 0 sessions for ...
2026-02-01 19:51:38.895 [info] Getting sessions for all scopes...
2026-02-01 19:51:38.895 [info] Got 0 sessions for ...
2026-02-01 19:51:38.895 [info] Getting sessions for all scopes...
2026-02-01 19:51:38.895 [info] Got 0 sessions for ...
2026-02-01 19:51:38.895 [info] Getting sessions for user:email...
2026-02-01 19:51:38.895 [info] Got 0 sessions for user:email...
2026-02-01 19:51:38.895 [info] Getting sessions for read:user,repo,user:email,workflow...
2026-02-01 19:51:38.895 [info] Got 0 sessions for read:user,repo,user:email,workflow...
2026-02-01 19:51:39.203 [info] Getting sessions for all scopes...
2026-02-01 19:51:39.203 [info] Got 0 sessions for ...
2026-02-01 19:51:39.203 [info] Getting sessions for all scopes...
2026-02-01 19:51:39.203 [info] Got 0 sessions for ...
2026-02-01 19:51:39.203 [info] Getting sessions for all scopes...
2026-02-01 19:51:39.203 [info] Got 0 sessions for ...
2026-02-01 19:51:39.241 [info] Getting sessions for user:email...
2026-02-01 19:51:39.241 [info] Got 0 sessions for user:email...
2026-02-01 19:51:39.241 [info] Getting sessions for read:user,repo,user:email,workflow...
2026-02-01 19:51:39.241 [info] Got 0 sessions for read:user,repo,user:email,workflow...
2026-02-01 19:51:39.433 [info] Getting sessions for all scopes...
2026-02-01 19:51:39.433 [info] Got 0 sessions for ...
2026-02-01 19:51:39.434 [info] Getting sessions for all scopes...
2026-02-01 19:51:39.434 [info] Got 0 sessions for ...
2026-02-01 19:51:39.692 [info] Getting sessions for user:email...
2026-02-01 19:51:39.692 [info] Got 0 sessions for user:email...
2026-02-01 19:51:39.697 [info] Getting sessions for all scopes...
2026-02-01 19:51:39.697 [info] Got 0 sessions for ...
2026-02-01 19:51:39.697 [info] Getting sessions for all scopes...
2026-02-01 19:51:39.697 [info] Got 0 sessions for ...
2026-02-01 19:51:39.699 [info] Getting sessions for user:email...
2026-02-01 19:51:39.699 [info] Got 0 sessions for user:email...
2026-02-01 19:51:39.699 [info] Getting sessions for read:user,repo,user:email,workflow...
2026-02-01 19:51:39.699 [info] Got 0 sessions for read:user,repo,user:email,workflow...
2026-02-01 19:51:39.705 [info] Getting sessions for all scopes...
2026-02-01 19:51:39.705 [info] Got 0 sessions for ...
2026-02-01 19:51:39.705 [info] Getting sessions for all scopes...
2026-02-01 19:51:39.705 [info] Got 0 sessions for ...
2026-02-01 19:51:40.397 [info] Getting sessions for all scopes...
2026-02-01 19:51:40.397 [info] Got 0 sessions for ...
2026-02-01 19:51:40.398 [info] Getting sessions for read:user,repo,user:email,workflow...
2026-02-01 19:51:40.398 [info] Got 0 sessions for read:user,repo,user:email,workflow...
2026-02-01 19:52:14.883 [info] Getting sessions for all scopes...
2026-02-01 19:52:14.883 [info] Got 0 sessions for ...
2026-02-01 19:52:14.890 [info] Getting sessions for user:email...
2026-02-01 19:52:14.890 [info] Got 0 sessions for user:email...
2026-02-01 19:52:14.900 [info] Getting sessions for all scopes...
2026-02-01 19:52:14.900 [info] Got 0 sessions for ...
2026-02-01 19:52:14.903 [info] Getting sessions for all scopes...
2026-02-01 19:52:14.903 [info] Got 0 sessions for ...
2026-02-01 19:52:19.876 [info] Getting sessions for all scopes...
2026-02-01 19:52:19.876 [info] Got 0 sessions for ...
2026-02-01 19:52:19.877 [info] Getting sessions for user:email...
2026-02-01 19:52:19.877 [info] Got 0 sessions for user:email...
2026-02-01 19:52:25.879 [info] Getting sessions for all scopes...
2026-02-01 19:52:25.879 [info] Got 0 sessions for ...
2026-02-01 19:52:25.880 [info] Getting sessions for user:email...
2026-02-01 19:52:25.880 [info] Got 0 sessions for user:email...
2026-02-01 19:52:30.878 [info] Getting sessions for all scopes...
2026-02-01 19:52:30.878 [info] Got 0 sessions for ...
2026-02-01 19:52:30.879 [info] Getting sessions for user:email...
2026-02-01 19:52:30.879 [info] Got 0 sessions for user:email...
2026-02-01 19:52:37.723 [info] Getting sessions for all scopes...
2026-02-01 19:52:37.723 [info] Got 0 sessions for ...
2026-02-01 19:52:37.724 [info] Getting sessions for user:email...
2026-02-01 19:52:37.724 [info] Got 0 sessions for user:email...
2026-02-01 19:52:38.493 [info] Getting sessions for all scopes...
2026-02-01 19:52:38.493 [info] Got 0 sessions for ...
2026-02-01 19:52:38.494 [info] Getting sessions for user:email...
2026-02-01 19:52:38.494 [info] Got 0 sessions for user:email...
2026-02-01 19:52:43.494 [info] Getting sessions for all scopes...
2026-02-01 19:52:43.494 [info] Got 0 sessions for ...
2026-02-01 19:52:43.495 [info] Getting sessions for user:email...
2026-02-01 19:52:43.495 [info] Got 0 sessions for user:email...
2026-02-01 19:53:01.065 [info] Getting sessions for all scopes...
2026-02-01 19:53:01.065 [info] Got 0 sessions for ...
2026-02-01 19:53:01.066 [info] Getting sessions for user:email...
2026-02-01 19:53:01.066 [info] Got 0 sessions for user:email...
2026-02-01 19:53:06.064 [info] Getting sessions for all scopes...
2026-02-01 19:53:06.064 [info] Got 0 sessions for ...
2026-02-01 19:53:06.065 [info] Getting sessions for user:email...
2026-02-01 19:53:06.065 [info] Got 0 sessions for user:email...
2026-02-01 19:53:28.519 [info] Getting sessions for all scopes...
2026-02-01 19:53:28.519 [info] Got 0 sessions for ...
2026-02-01 19:53:28.524 [info] Getting sessions for user:email...
2026-02-01 19:53:28.524 [info] Got 0 sessions for user:email...
2026-02-01 19:53:28.960 [info] Getting sessions for all scopes...
2026-02-01 19:53:28.960 [info] Got 0 sessions for ...
2026-02-01 19:53:28.961 [info] Getting sessions for user:email...
2026-02-01 19:53:28.961 [info] Got 0 sessions for user:email...
2026-02-01 19:53:30.531 [info] Getting sessions for all scopes...
2026-02-01 19:53:30.531 [info] Got 0 sessions for ...
2026-02-01 19:53:30.532 [info] Getting sessions for user:email...
2026-02-01 19:53:30.532 [info] Got 0 sessions for user:email...
2026-02-01 19:53:35.092 [info] Getting sessions for all scopes...
2026-02-01 19:53:35.092 [info] Got 0 sessions for ...
2026-02-01 19:53:35.093 [info] Getting sessions for user:email...
2026-02-01 19:53:35.094 [info] Got 0 sessions for user:email...
2026-02-01 19:53:36.523 [info] Getting sessions for all scopes...
2026-02-01 19:53:36.523 [info] Got 0 sessions for ...
2026-02-01 19:53:36.524 [info] Getting sessions for user:email...
2026-02-01 19:53:36.524 [info] Got 0 sessions for user:email...
2026-02-01 19:53:37.283 [info] Getting sessions for all scopes...
2026-02-01 19:53:37.283 [info] Got 0 sessions for ...
2026-02-01 19:53:37.284 [info] Getting sessions for user:email...
2026-02-01 19:53:37.284 [info] Got 0 sessions for user:email...
2026-02-01 19:53:42.284 [info] Getting sessions for all scopes...
2026-02-01 19:53:42.284 [info] Got 0 sessions for ...
2026-02-01 19:53:42.285 [info] Getting sessions for user:email...
2026-02-01 19:53:42.285 [info] Got 0 sessions for user:email...
