2026-02-02 21:10:15.615 [info] Reading sessions from keychain...
2026-02-02 21:10:15.615 [info] Getting sessions for all scopes...
2026-02-02 21:10:15.615 [info] Got 0 sessions for ...
2026-02-02 21:10:15.615 [info] Getting sessions for all scopes...
2026-02-02 21:10:15.615 [info] Got 0 sessions for ...
2026-02-02 21:10:15.615 [info] Getting sessions for all scopes...
2026-02-02 21:10:15.615 [info] Got 0 sessions for ...
2026-02-02 21:10:15.615 [info] Getting sessions for all scopes...
2026-02-02 21:10:15.615 [info] Got 0 sessions for ...
2026-02-02 21:10:15.615 [info] Getting sessions for all scopes...
2026-02-02 21:10:15.615 [info] Got 0 sessions for ...
2026-02-02 21:10:15.615 [info] Getting sessions for all scopes...
2026-02-02 21:10:15.615 [info] Got 0 sessions for ...
2026-02-02 21:10:15.615 [info] Getting sessions for all scopes...
2026-02-02 21:10:15.615 [info] Got 0 sessions for ...
2026-02-02 21:10:15.615 [info] Getting sessions for all scopes...
2026-02-02 21:10:15.615 [info] Got 0 sessions for ...
2026-02-02 21:10:15.615 [info] Getting sessions for all scopes...
2026-02-02 21:10:15.615 [info] Got 0 sessions for ...
2026-02-02 21:10:15.615 [info] Getting sessions for all scopes...
2026-02-02 21:10:15.615 [info] Got 0 sessions for ...
2026-02-02 21:10:15.615 [info] Getting sessions for all scopes...
2026-02-02 21:10:15.615 [info] Got 0 sessions for ...
2026-02-02 21:10:15.615 [info] Getting sessions for all scopes...
2026-02-02 21:10:15.615 [info] Got 0 sessions for ...
2026-02-02 21:10:15.615 [info] Getting sessions for all scopes...
2026-02-02 21:10:15.615 [info] Got 0 sessions for ...
2026-02-02 21:10:15.615 [info] Getting sessions for all scopes...
2026-02-02 21:10:15.615 [info] Got 0 sessions for ...
2026-02-02 21:10:15.615 [info] Getting sessions for all scopes...
2026-02-02 21:10:15.615 [info] Got 0 sessions for ...
2026-02-02 21:10:15.615 [info] Getting sessions for all scopes...
2026-02-02 21:10:15.615 [info] Got 0 sessions for ...
2026-02-02 21:10:15.615 [info] Getting sessions for all scopes...
2026-02-02 21:10:15.615 [info] Got 0 sessions for ...
2026-02-02 21:10:15.615 [info] Getting sessions for all scopes...
2026-02-02 21:10:15.615 [info] Got 0 sessions for ...
2026-02-02 21:10:15.615 [info] Getting sessions for user:email...
2026-02-02 21:10:15.615 [info] Got 0 sessions for user:email...
2026-02-02 21:10:15.615 [info] Getting sessions for read:user,repo,user:email,workflow...
2026-02-02 21:10:15.615 [info] Got 0 sessions for read:user,repo,user:email,workflow...
2026-02-02 21:10:15.853 [info] Getting sessions for all scopes...
2026-02-02 21:10:15.853 [info] Got 0 sessions for ...
2026-02-02 21:10:15.875 [info] Getting sessions for user:email...
2026-02-02 21:10:15.875 [info] Got 0 sessions for user:email...
2026-02-02 21:10:15.954 [info] Getting sessions for all scopes...
2026-02-02 21:10:15.954 [info] Got 0 sessions for ...
2026-02-02 21:10:15.955 [info] Getting sessions for all scopes...
2026-02-02 21:10:15.955 [info] Got 0 sessions for ...
2026-02-02 21:10:15.955 [info] Getting sessions for all scopes...
2026-02-02 21:10:15.955 [info] Got 0 sessions for ...
2026-02-02 21:10:15.957 [info] Getting sessions for read:user,repo,user:email,workflow...
2026-02-02 21:10:15.957 [info] Got 0 sessions for read:user,repo,user:email,workflow...
2026-02-02 21:10:15.958 [info] Getting sessions for user:email...
2026-02-02 21:10:15.958 [info] Got 0 sessions for user:email...
2026-02-02 21:10:15.963 [info] Getting sessions for all scopes...
2026-02-02 21:10:15.963 [info] Got 0 sessions for ...
2026-02-02 21:10:15.963 [info] Getting sessions for all scopes...
2026-02-02 21:10:15.963 [info] Got 0 sessions for ...
2026-02-02 21:10:15.963 [info] Getting sessions for all scopes...
2026-02-02 21:10:15.963 [info] Got 0 sessions for ...
2026-02-02 21:10:15.964 [info] Getting sessions for read:user,repo,user:email,workflow...
2026-02-02 21:10:15.964 [info] Got 0 sessions for read:user,repo,user:email,workflow...
2026-02-02 21:10:16.457 [info] Getting sessions for all scopes...
2026-02-02 21:10:16.457 [info] Got 0 sessions for ...
2026-02-02 21:10:16.658 [info] Getting sessions for all scopes...
2026-02-02 21:10:16.658 [info] Got 0 sessions for ...
2026-02-02 21:10:16.671 [info] Getting sessions for read:user,repo,user:email,workflow...
2026-02-02 21:10:16.671 [info] Got 0 sessions for read:user,repo,user:email,workflow...
2026-02-02 21:11:10.492 [info] Getting sessions for all scopes...
2026-02-02 21:11:10.492 [info] Got 0 sessions for ...
2026-02-02 21:11:10.493 [info] Getting sessions for user:email...
2026-02-02 21:11:10.493 [info] Got 0 sessions for user:email...
2026-02-02 21:11:10.502 [info] Getting sessions for all scopes...
2026-02-02 21:11:10.502 [info] Got 0 sessions for ...
2026-02-02 21:11:10.505 [info] Getting sessions for all scopes...
2026-02-02 21:11:10.505 [info] Got 0 sessions for ...
2026-02-02 21:11:12.222 [info] Getting sessions for all scopes...
2026-02-02 21:11:12.222 [info] Got 0 sessions for ...
2026-02-02 21:11:12.223 [info] Getting sessions for user:email...
2026-02-02 21:11:12.223 [info] Got 0 sessions for user:email...
2026-02-02 21:11:13.577 [info] Getting sessions for all scopes...
2026-02-02 21:11:13.577 [info] Got 0 sessions for ...
2026-02-02 21:11:13.578 [info] Getting sessions for user:email...
2026-02-02 21:11:13.578 [info] Got 0 sessions for user:email...
2026-02-02 21:11:18.578 [info] Getting sessions for all scopes...
2026-02-02 21:11:18.578 [info] Got 0 sessions for ...
2026-02-02 21:11:18.579 [info] Getting sessions for user:email...
2026-02-02 21:11:18.579 [info] Got 0 sessions for user:email...
