2026-02-02 21:16:23.855 [info] Reading sessions from keychain...
2026-02-02 21:16:23.855 [info] Getting sessions for all scopes...
2026-02-02 21:16:23.855 [info] Got 0 sessions for ...
2026-02-02 21:16:23.855 [info] Getting sessions for all scopes...
2026-02-02 21:16:23.855 [info] Got 0 sessions for ...
2026-02-02 21:16:23.855 [info] Getting sessions for all scopes...
2026-02-02 21:16:23.855 [info] Got 0 sessions for ...
2026-02-02 21:16:23.855 [info] Getting sessions for all scopes...
2026-02-02 21:16:23.855 [info] Got 0 sessions for ...
2026-02-02 21:16:23.855 [info] Getting sessions for all scopes...
2026-02-02 21:16:23.855 [info] Got 0 sessions for ...
2026-02-02 21:16:23.855 [info] Getting sessions for all scopes...
2026-02-02 21:16:23.855 [info] Got 0 sessions for ...
2026-02-02 21:16:23.855 [info] Getting sessions for all scopes...
2026-02-02 21:16:23.855 [info] Got 0 sessions for ...
2026-02-02 21:16:23.855 [info] Getting sessions for all scopes...
2026-02-02 21:16:23.855 [info] Got 0 sessions for ...
2026-02-02 21:16:23.855 [info] Getting sessions for all scopes...
2026-02-02 21:16:23.855 [info] Got 0 sessions for ...
2026-02-02 21:16:23.855 [info] Getting sessions for all scopes...
2026-02-02 21:16:23.855 [info] Got 0 sessions for ...
2026-02-02 21:16:23.855 [info] Getting sessions for all scopes...
2026-02-02 21:16:23.855 [info] Got 0 sessions for ...
2026-02-02 21:16:23.855 [info] Getting sessions for all scopes...
2026-02-02 21:16:23.855 [info] Got 0 sessions for ...
2026-02-02 21:16:23.855 [info] Getting sessions for all scopes...
2026-02-02 21:16:23.855 [info] Got 0 sessions for ...
2026-02-02 21:16:23.855 [info] Getting sessions for all scopes...
2026-02-02 21:16:23.855 [info] Got 0 sessions for ...
2026-02-02 21:16:23.855 [info] Getting sessions for all scopes...
2026-02-02 21:16:23.855 [info] Got 0 sessions for ...
2026-02-02 21:16:23.855 [info] Getting sessions for all scopes...
2026-02-02 21:16:23.855 [info] Got 0 sessions for ...
2026-02-02 21:16:23.855 [info] Getting sessions for all scopes...
2026-02-02 21:16:23.855 [info] Got 0 sessions for ...
2026-02-02 21:16:23.855 [info] Getting sessions for all scopes...
2026-02-02 21:16:23.855 [info] Got 0 sessions for ...
2026-02-02 21:16:23.855 [info] Getting sessions for user:email...
2026-02-02 21:16:23.855 [info] Got 0 sessions for user:email...
2026-02-02 21:16:23.855 [info] Getting sessions for read:user,repo,user:email,workflow...
2026-02-02 21:16:23.855 [info] Got 0 sessions for read:user,repo,user:email,workflow...
2026-02-02 21:16:24.089 [info] Getting sessions for all scopes...
2026-02-02 21:16:24.089 [info] Got 0 sessions for ...
2026-02-02 21:16:24.090 [info] Getting sessions for user:email...
2026-02-02 21:16:24.090 [info] Got 0 sessions for user:email...
2026-02-02 21:16:24.225 [info] Getting sessions for all scopes...
2026-02-02 21:16:24.225 [info] Got 0 sessions for ...
2026-02-02 21:16:24.225 [info] Getting sessions for all scopes...
2026-02-02 21:16:24.225 [info] Got 0 sessions for ...
2026-02-02 21:16:24.225 [info] Getting sessions for all scopes...
2026-02-02 21:16:24.225 [info] Got 0 sessions for ...
2026-02-02 21:16:24.228 [info] Getting sessions for user:email...
2026-02-02 21:16:24.228 [info] Got 0 sessions for user:email...
2026-02-02 21:16:24.228 [info] Getting sessions for read:user,repo,user:email,workflow...
2026-02-02 21:16:24.228 [info] Got 0 sessions for read:user,repo,user:email,workflow...
2026-02-02 21:16:24.717 [info] Getting sessions for all scopes...
2026-02-02 21:16:24.717 [info] Got 0 sessions for ...
2026-02-02 21:20:18.494 [info] Reading sessions from keychain...
2026-02-02 21:20:18.494 [info] Getting sessions for all scopes...
2026-02-02 21:20:18.494 [info] Got 0 sessions for ...
2026-02-02 21:20:18.494 [info] Getting sessions for all scopes...
2026-02-02 21:20:18.494 [info] Got 0 sessions for ...
2026-02-02 21:20:18.494 [info] Getting sessions for all scopes...
2026-02-02 21:20:18.494 [info] Got 0 sessions for ...
2026-02-02 21:20:18.494 [info] Getting sessions for all scopes...
2026-02-02 21:20:18.494 [info] Got 0 sessions for ...
2026-02-02 21:20:18.494 [info] Getting sessions for all scopes...
2026-02-02 21:20:18.494 [info] Got 0 sessions for ...
2026-02-02 21:20:18.494 [info] Getting sessions for all scopes...
2026-02-02 21:20:18.494 [info] Got 0 sessions for ...
2026-02-02 21:20:18.494 [info] Getting sessions for all scopes...
2026-02-02 21:20:18.494 [info] Got 0 sessions for ...
2026-02-02 21:20:18.494 [info] Getting sessions for all scopes...
2026-02-02 21:20:18.494 [info] Got 0 sessions for ...
2026-02-02 21:20:18.494 [info] Getting sessions for all scopes...
2026-02-02 21:20:18.494 [info] Got 0 sessions for ...
2026-02-02 21:20:18.494 [info] Getting sessions for all scopes...
2026-02-02 21:20:18.494 [info] Got 0 sessions for ...
2026-02-02 21:20:18.494 [info] Getting sessions for all scopes...
2026-02-02 21:20:18.494 [info] Got 0 sessions for ...
2026-02-02 21:20:18.494 [info] Getting sessions for all scopes...
2026-02-02 21:20:18.494 [info] Got 0 sessions for ...
2026-02-02 21:20:18.494 [info] Getting sessions for all scopes...
2026-02-02 21:20:18.494 [info] Got 0 sessions for ...
2026-02-02 21:20:18.494 [info] Getting sessions for all scopes...
2026-02-02 21:20:18.494 [info] Got 0 sessions for ...
2026-02-02 21:20:18.494 [info] Getting sessions for all scopes...
2026-02-02 21:20:18.494 [info] Got 0 sessions for ...
2026-02-02 21:20:18.494 [info] Getting sessions for all scopes...
2026-02-02 21:20:18.494 [info] Got 0 sessions for ...
2026-02-02 21:20:18.494 [info] Getting sessions for all scopes...
2026-02-02 21:20:18.494 [info] Got 0 sessions for ...
2026-02-02 21:20:18.494 [info] Getting sessions for all scopes...
2026-02-02 21:20:18.494 [info] Got 0 sessions for ...
2026-02-02 21:20:18.497 [info] Getting sessions for user:email...
2026-02-02 21:20:18.497 [info] Got 0 sessions for user:email...
2026-02-02 21:20:18.497 [info] Getting sessions for read:user,repo,user:email,workflow...
2026-02-02 21:20:18.497 [info] Got 0 sessions for read:user,repo,user:email,workflow...
2026-02-02 21:20:18.744 [info] Getting sessions for all scopes...
2026-02-02 21:20:18.744 [info] Got 0 sessions for ...
2026-02-02 21:20:18.759 [info] Getting sessions for user:email...
2026-02-02 21:20:18.759 [info] Got 0 sessions for user:email...
2026-02-02 21:20:19.042 [info] Getting sessions for all scopes...
2026-02-02 21:20:19.042 [info] Got 0 sessions for ...
2026-02-02 21:20:19.042 [info] Getting sessions for all scopes...
2026-02-02 21:20:19.042 [info] Got 0 sessions for ...
2026-02-02 21:20:19.042 [info] Getting sessions for all scopes...
2026-02-02 21:20:19.042 [info] Got 0 sessions for ...
2026-02-02 21:20:19.061 [info] Getting sessions for user:email...
2026-02-02 21:20:19.062 [info] Got 0 sessions for user:email...
2026-02-02 21:20:19.281 [info] Getting sessions for read:user,repo,user:email,workflow...
2026-02-02 21:20:19.281 [info] Got 0 sessions for read:user,repo,user:email,workflow...
2026-02-02 21:20:19.294 [info] Getting sessions for all scopes...
2026-02-02 21:20:19.294 [info] Got 0 sessions for ...
2026-02-02 21:20:31.425 [info] Getting sessions for all scopes...
2026-02-02 21:20:31.425 [info] Got 0 sessions for ...
2026-02-02 21:20:31.427 [info] Getting sessions for user:email...
2026-02-02 21:20:31.427 [info] Got 0 sessions for user:email...
2026-02-02 21:20:31.435 [info] Getting sessions for all scopes...
2026-02-02 21:20:31.435 [info] Got 0 sessions for ...
2026-02-02 21:20:31.444 [info] Getting sessions for all scopes...
2026-02-02 21:20:31.444 [info] Got 0 sessions for ...
2026-02-02 21:20:36.482 [info] Getting sessions for all scopes...
2026-02-02 21:20:36.482 [info] Got 0 sessions for ...
2026-02-02 21:20:36.747 [info] Getting sessions for user:email...
2026-02-02 21:20:36.747 [info] Got 0 sessions for user:email...
2026-02-02 21:21:32.955 [info] Getting sessions for all scopes...
2026-02-02 21:21:32.955 [info] Got 0 sessions for ...
2026-02-02 21:21:32.956 [info] Getting sessions for user:email...
2026-02-02 21:21:32.956 [info] Got 0 sessions for user:email...
2026-02-02 21:21:37.697 [info] Getting sessions for all scopes...
2026-02-02 21:21:37.697 [info] Got 0 sessions for ...
2026-02-02 21:21:37.714 [info] Getting sessions for user:email...
2026-02-02 21:21:37.714 [info] Got 0 sessions for user:email...
2026-02-02 21:21:39.373 [info] Getting sessions for all scopes...
2026-02-02 21:21:39.373 [info] Got 0 sessions for ...
2026-02-02 21:21:39.375 [info] Getting sessions for user:email...
2026-02-02 21:21:39.375 [info] Got 0 sessions for user:email...
2026-02-02 21:21:40.388 [info] Getting sessions for all scopes...
2026-02-02 21:21:40.388 [info] Got 0 sessions for ...
2026-02-02 21:21:40.390 [info] Getting sessions for user:email...
2026-02-02 21:21:40.390 [info] Got 0 sessions for user:email...
2026-02-02 21:21:45.386 [info] Getting sessions for all scopes...
2026-02-02 21:21:45.386 [info] Got 0 sessions for ...
2026-02-02 21:21:45.387 [info] Getting sessions for user:email...
2026-02-02 21:21:45.387 [info] Got 0 sessions for user:email...
2026-02-02 21:21:59.006 [info] Getting sessions for all scopes...
2026-02-02 21:21:59.006 [info] Got 0 sessions for ...
2026-02-02 21:21:59.009 [info] Getting sessions for user:email...
2026-02-02 21:21:59.009 [info] Got 0 sessions for user:email...
2026-02-02 21:22:04.003 [info] Getting sessions for all scopes...
2026-02-02 21:22:04.003 [info] Got 0 sessions for ...
2026-02-02 21:22:04.004 [info] Getting sessions for user:email...
2026-02-02 21:22:04.004 [info] Got 0 sessions for user:email...
2026-02-02 21:22:16.502 [info] Getting sessions for all scopes...
2026-02-02 21:22:16.502 [info] Got 0 sessions for ...
2026-02-02 21:22:16.503 [info] Getting sessions for user:email...
2026-02-02 21:22:16.503 [info] Got 0 sessions for user:email...
2026-02-02 21:22:21.513 [info] Getting sessions for all scopes...
2026-02-02 21:22:21.513 [info] Got 0 sessions for ...
2026-02-02 21:22:21.520 [info] Getting sessions for user:email...
2026-02-02 21:22:21.520 [info] Got 0 sessions for user:email...
2026-02-02 21:22:26.512 [info] Getting sessions for all scopes...
2026-02-02 21:22:26.512 [info] Got 0 sessions for ...
2026-02-02 21:22:26.513 [info] Getting sessions for user:email...
2026-02-02 21:22:26.513 [info] Got 0 sessions for user:email...
2026-02-02 21:22:26.979 [info] Getting sessions for all scopes...
2026-02-02 21:22:26.979 [info] Got 0 sessions for ...
2026-02-02 21:22:26.980 [info] Getting sessions for user:email...
2026-02-02 21:22:26.980 [info] Got 0 sessions for user:email...
2026-02-02 21:22:27.620 [info] Getting sessions for all scopes...
2026-02-02 21:22:27.620 [info] Got 0 sessions for ...
2026-02-02 21:22:27.621 [info] Getting sessions for user:email...
2026-02-02 21:22:27.621 [info] Got 0 sessions for user:email...
2026-02-02 21:22:27.904 [info] Getting sessions for all scopes...
2026-02-02 21:22:27.904 [info] Got 0 sessions for ...
2026-02-02 21:22:27.906 [info] Getting sessions for user:email...
2026-02-02 21:22:27.906 [info] Got 0 sessions for user:email...
2026-02-02 21:22:28.119 [info] Getting sessions for all scopes...
2026-02-02 21:22:28.120 [info] Got 0 sessions for ...
2026-02-02 21:22:28.121 [info] Getting sessions for user:email...
2026-02-02 21:22:28.121 [info] Got 0 sessions for user:email...
2026-02-02 21:22:33.119 [info] Getting sessions for all scopes...
2026-02-02 21:22:33.119 [info] Got 0 sessions for ...
2026-02-02 21:22:33.120 [info] Getting sessions for user:email...
2026-02-02 21:22:33.120 [info] Got 0 sessions for user:email...
2026-02-02 21:23:01.622 [info] Getting sessions for all scopes...
2026-02-02 21:23:01.622 [info] Got 0 sessions for ...
2026-02-02 21:23:01.624 [info] Getting sessions for user:email...
2026-02-02 21:23:01.624 [info] Got 0 sessions for user:email...
2026-02-02 21:23:06.622 [info] Getting sessions for all scopes...
2026-02-02 21:23:06.622 [info] Got 0 sessions for ...
2026-02-02 21:23:06.623 [info] Getting sessions for user:email...
2026-02-02 21:23:06.623 [info] Got 0 sessions for user:email...
2026-02-02 21:23:31.977 [info] Getting sessions for all scopes...
2026-02-02 21:23:31.977 [info] Got 0 sessions for ...
2026-02-02 21:23:31.977 [info] Getting sessions for user:email...
2026-02-02 21:23:31.977 [info] Got 0 sessions for user:email...
2026-02-02 21:23:36.977 [info] Getting sessions for all scopes...
2026-02-02 21:23:36.977 [info] Got 0 sessions for ...
2026-02-02 21:23:36.978 [info] Getting sessions for user:email...
2026-02-02 21:23:36.978 [info] Got 0 sessions for user:email...
2026-02-02 21:24:27.572 [info] Getting sessions for all scopes...
2026-02-02 21:24:27.573 [info] Got 0 sessions for ...
2026-02-02 21:24:27.574 [info] Getting sessions for user:email...
2026-02-02 21:24:27.574 [info] Got 0 sessions for user:email...
2026-02-02 21:24:32.572 [info] Getting sessions for all scopes...
2026-02-02 21:24:32.572 [info] Got 0 sessions for ...
2026-02-02 21:24:32.573 [info] Getting sessions for user:email...
2026-02-02 21:24:32.573 [info] Got 0 sessions for user:email...
2026-02-02 22:05:50.520 [info] Reading sessions from keychain...
2026-02-02 22:05:50.520 [info] Getting sessions for all scopes...
2026-02-02 22:05:50.520 [info] Got 0 sessions for ...
2026-02-02 22:05:50.520 [info] Getting sessions for all scopes...
2026-02-02 22:05:50.520 [info] Got 0 sessions for ...
2026-02-02 22:05:50.520 [info] Getting sessions for all scopes...
2026-02-02 22:05:50.520 [info] Got 0 sessions for ...
2026-02-02 22:05:50.520 [info] Getting sessions for all scopes...
2026-02-02 22:05:50.520 [info] Got 0 sessions for ...
2026-02-02 22:05:50.520 [info] Getting sessions for all scopes...
2026-02-02 22:05:50.520 [info] Got 0 sessions for ...
2026-02-02 22:05:50.520 [info] Getting sessions for all scopes...
2026-02-02 22:05:50.520 [info] Got 0 sessions for ...
2026-02-02 22:05:50.520 [info] Getting sessions for all scopes...
2026-02-02 22:05:50.520 [info] Got 0 sessions for ...
2026-02-02 22:05:50.520 [info] Getting sessions for all scopes...
2026-02-02 22:05:50.520 [info] Got 0 sessions for ...
2026-02-02 22:05:50.520 [info] Getting sessions for all scopes...
2026-02-02 22:05:50.520 [info] Got 0 sessions for ...
2026-02-02 22:05:50.520 [info] Getting sessions for all scopes...
2026-02-02 22:05:50.520 [info] Got 0 sessions for ...
2026-02-02 22:05:50.520 [info] Getting sessions for all scopes...
2026-02-02 22:05:50.520 [info] Got 0 sessions for ...
2026-02-02 22:05:50.520 [info] Getting sessions for all scopes...
2026-02-02 22:05:50.520 [info] Got 0 sessions for ...
2026-02-02 22:05:50.520 [info] Getting sessions for all scopes...
2026-02-02 22:05:50.520 [info] Got 0 sessions for ...
2026-02-02 22:05:50.520 [info] Getting sessions for all scopes...
2026-02-02 22:05:50.520 [info] Got 0 sessions for ...
2026-02-02 22:05:50.520 [info] Getting sessions for all scopes...
2026-02-02 22:05:50.520 [info] Got 0 sessions for ...
2026-02-02 22:05:50.520 [info] Getting sessions for all scopes...
2026-02-02 22:05:50.520 [info] Got 0 sessions for ...
2026-02-02 22:05:50.520 [info] Getting sessions for all scopes...
2026-02-02 22:05:50.520 [info] Got 0 sessions for ...
2026-02-02 22:05:50.520 [info] Getting sessions for all scopes...
2026-02-02 22:05:50.520 [info] Got 0 sessions for ...
2026-02-02 22:05:50.531 [info] Getting sessions for user:email...
2026-02-02 22:05:50.531 [info] Got 0 sessions for user:email...
2026-02-02 22:05:50.531 [info] Getting sessions for read:user,repo,user:email,workflow...
2026-02-02 22:05:50.531 [info] Got 0 sessions for read:user,repo,user:email,workflow...
2026-02-02 22:05:50.574 [info] Getting sessions for all scopes...
2026-02-02 22:05:50.574 [info] Got 0 sessions for ...
2026-02-02 22:05:50.575 [info] Getting sessions for user:email...
2026-02-02 22:05:50.575 [info] Got 0 sessions for user:email...
2026-02-02 22:05:50.871 [info] Getting sessions for all scopes...
2026-02-02 22:05:50.871 [info] Got 0 sessions for ...
2026-02-02 22:05:50.872 [info] Getting sessions for all scopes...
2026-02-02 22:05:50.872 [info] Got 0 sessions for ...
2026-02-02 22:05:50.872 [info] Getting sessions for all scopes...
2026-02-02 22:05:50.872 [info] Got 0 sessions for ...
2026-02-02 22:05:50.874 [info] Getting sessions for user:email...
2026-02-02 22:05:50.874 [info] Got 0 sessions for user:email...
2026-02-02 22:05:50.875 [info] Getting sessions for read:user,repo,user:email,workflow...
2026-02-02 22:05:50.875 [info] Got 0 sessions for read:user,repo,user:email,workflow...
2026-02-02 22:05:51.431 [info] Getting sessions for all scopes...
2026-02-02 22:05:51.431 [info] Got 0 sessions for ...
2026-02-02 23:01:02.444 [info] Reading sessions from keychain...
2026-02-02 23:01:02.444 [info] Getting sessions for all scopes...
2026-02-02 23:01:02.444 [info] Got 0 sessions for ...
2026-02-02 23:01:02.444 [info] Getting sessions for all scopes...
2026-02-02 23:01:02.444 [info] Got 0 sessions for ...
2026-02-02 23:01:02.444 [info] Getting sessions for all scopes...
2026-02-02 23:01:02.444 [info] Got 0 sessions for ...
2026-02-02 23:01:02.444 [info] Getting sessions for all scopes...
2026-02-02 23:01:02.444 [info] Got 0 sessions for ...
2026-02-02 23:01:02.444 [info] Getting sessions for all scopes...
2026-02-02 23:01:02.444 [info] Got 0 sessions for ...
2026-02-02 23:01:02.444 [info] Getting sessions for all scopes...
2026-02-02 23:01:02.444 [info] Got 0 sessions for ...
2026-02-02 23:01:02.444 [info] Getting sessions for all scopes...
2026-02-02 23:01:02.444 [info] Got 0 sessions for ...
2026-02-02 23:01:02.444 [info] Getting sessions for all scopes...
2026-02-02 23:01:02.444 [info] Got 0 sessions for ...
2026-02-02 23:01:02.444 [info] Getting sessions for all scopes...
2026-02-02 23:01:02.444 [info] Got 0 sessions for ...
2026-02-02 23:01:02.444 [info] Getting sessions for all scopes...
2026-02-02 23:01:02.444 [info] Got 0 sessions for ...
2026-02-02 23:01:02.444 [info] Getting sessions for all scopes...
2026-02-02 23:01:02.444 [info] Got 0 sessions for ...
2026-02-02 23:01:02.444 [info] Getting sessions for all scopes...
2026-02-02 23:01:02.444 [info] Got 0 sessions for ...
2026-02-02 23:01:02.444 [info] Getting sessions for all scopes...
2026-02-02 23:01:02.444 [info] Got 0 sessions for ...
2026-02-02 23:01:02.444 [info] Getting sessions for all scopes...
2026-02-02 23:01:02.444 [info] Got 0 sessions for ...
2026-02-02 23:01:02.444 [info] Getting sessions for all scopes...
2026-02-02 23:01:02.444 [info] Got 0 sessions for ...
2026-02-02 23:01:02.444 [info] Getting sessions for all scopes...
2026-02-02 23:01:02.444 [info] Got 0 sessions for ...
2026-02-02 23:01:02.444 [info] Getting sessions for all scopes...
2026-02-02 23:01:02.444 [info] Got 0 sessions for ...
2026-02-02 23:01:02.444 [info] Getting sessions for all scopes...
2026-02-02 23:01:02.444 [info] Got 0 sessions for ...
2026-02-02 23:01:02.497 [info] Getting sessions for user:email...
2026-02-02 23:01:02.497 [info] Got 0 sessions for user:email...
2026-02-02 23:01:02.528 [info] Getting sessions for read:user,repo,user:email,workflow...
2026-02-02 23:01:02.528 [info] Got 0 sessions for read:user,repo,user:email,workflow...
2026-02-02 23:01:02.774 [info] Getting sessions for all scopes...
2026-02-02 23:01:02.774 [info] Got 0 sessions for ...
2026-02-02 23:01:02.774 [info] Getting sessions for all scopes...
2026-02-02 23:01:02.774 [info] Got 0 sessions for ...
2026-02-02 23:01:02.774 [info] Getting sessions for all scopes...
2026-02-02 23:01:02.774 [info] Got 0 sessions for ...
2026-02-02 23:01:02.838 [info] Getting sessions for user:email...
2026-02-02 23:01:02.838 [info] Got 0 sessions for user:email...
2026-02-02 23:01:02.838 [info] Getting sessions for read:user,repo,user:email,workflow...
2026-02-02 23:01:02.838 [info] Got 0 sessions for read:user,repo,user:email,workflow...
2026-02-02 23:01:03.026 [info] Getting sessions for all scopes...
2026-02-02 23:01:03.026 [info] Got 0 sessions for ...
2026-02-02 23:01:03.108 [info] Getting sessions for user:email...
2026-02-02 23:01:03.108 [info] Got 0 sessions for user:email...
2026-02-02 23:01:03.129 [info] Getting sessions for all scopes...
2026-02-02 23:01:03.129 [info] Got 0 sessions for ...
2026-02-02 23:01:03.131 [info] Getting sessions for all scopes...
2026-02-02 23:01:03.132 [info] Got 0 sessions for ...
2026-02-02 23:01:03.132 [info] Getting sessions for all scopes...
2026-02-02 23:01:03.132 [info] Got 0 sessions for ...
2026-02-02 23:01:03.337 [info] Getting sessions for all scopes...
2026-02-02 23:01:03.337 [info] Got 0 sessions for ...
2026-02-02 23:01:03.607 [info] Getting sessions for read:user,repo,user:email,workflow...
2026-02-02 23:01:03.607 [info] Got 0 sessions for read:user,repo,user:email,workflow...
2026-02-02 23:01:12.769 [info] Getting sessions for all scopes...
2026-02-02 23:01:12.769 [info] Got 0 sessions for ...
2026-02-02 23:01:12.770 [info] Getting sessions for user:email...
2026-02-02 23:01:12.770 [info] Got 0 sessions for user:email...
2026-02-02 23:01:12.778 [info] Getting sessions for all scopes...
2026-02-02 23:01:12.778 [info] Got 0 sessions for ...
2026-02-02 23:01:12.781 [info] Getting sessions for all scopes...
2026-02-02 23:01:12.781 [info] Got 0 sessions for ...
2026-02-02 23:01:17.768 [info] Getting sessions for all scopes...
2026-02-02 23:01:17.768 [info] Got 0 sessions for ...
2026-02-02 23:01:17.769 [info] Getting sessions for user:email...
2026-02-02 23:01:17.769 [info] Got 0 sessions for user:email...
2026-02-02 23:01:36.947 [info] Getting sessions for all scopes...
2026-02-02 23:01:36.947 [info] Got 0 sessions for ...
2026-02-02 23:01:36.948 [info] Getting sessions for user:email...
2026-02-02 23:01:36.948 [info] Got 0 sessions for user:email...
2026-02-02 23:01:38.425 [info] Getting sessions for all scopes...
2026-02-02 23:01:38.425 [info] Got 0 sessions for ...
2026-02-02 23:01:38.426 [info] Getting sessions for user:email...
2026-02-02 23:01:38.426 [info] Got 0 sessions for user:email...
2026-02-02 23:01:43.425 [info] Getting sessions for all scopes...
2026-02-02 23:01:43.425 [info] Got 0 sessions for ...
2026-02-02 23:01:43.426 [info] Getting sessions for user:email...
2026-02-02 23:01:43.426 [info] Got 0 sessions for user:email...
2026-02-02 23:03:13.756 [info] Getting sessions for all scopes...
2026-02-02 23:03:13.756 [info] Got 0 sessions for ...
2026-02-02 23:03:13.758 [info] Getting sessions for user:email...
2026-02-02 23:03:13.758 [info] Got 0 sessions for user:email...
2026-02-02 23:03:15.042 [info] Getting sessions for all scopes...
2026-02-02 23:03:15.042 [info] Got 0 sessions for ...
2026-02-02 23:03:15.045 [info] Getting sessions for user:email...
2026-02-02 23:03:15.045 [info] Got 0 sessions for user:email...
2026-02-02 23:03:20.041 [info] Getting sessions for all scopes...
2026-02-02 23:03:20.041 [info] Got 0 sessions for ...
2026-02-02 23:03:20.042 [info] Getting sessions for user:email...
2026-02-02 23:03:20.042 [info] Got 0 sessions for user:email...
2026-02-02 23:03:49.745 [info] Getting sessions for all scopes...
2026-02-02 23:03:49.745 [info] Got 0 sessions for ...
2026-02-02 23:03:49.746 [info] Getting sessions for user:email...
2026-02-02 23:03:49.746 [info] Got 0 sessions for user:email...
2026-02-02 23:03:51.408 [info] Getting sessions for all scopes...
2026-02-02 23:03:51.408 [info] Got 0 sessions for ...
2026-02-02 23:03:51.409 [info] Getting sessions for user:email...
2026-02-02 23:03:51.409 [info] Got 0 sessions for user:email...
2026-02-02 23:03:56.407 [info] Getting sessions for all scopes...
2026-02-02 23:03:56.407 [info] Got 0 sessions for ...
2026-02-02 23:03:56.408 [info] Getting sessions for user:email...
2026-02-02 23:03:56.408 [info] Got 0 sessions for user:email...
2026-02-02 23:26:28.452 [info] Getting sessions for all scopes...
2026-02-02 23:26:28.452 [info] Got 0 sessions for ...
2026-02-02 23:26:28.454 [info] Getting sessions for user:email...
2026-02-02 23:26:28.454 [info] Got 0 sessions for user:email...
2026-02-02 23:26:32.766 [info] Getting sessions for all scopes...
2026-02-02 23:26:32.766 [info] Got 0 sessions for ...
2026-02-02 23:26:32.767 [info] Getting sessions for user:email...
2026-02-02 23:26:32.767 [info] Got 0 sessions for user:email...
2026-02-02 23:26:32.881 [info] Getting sessions for all scopes...
2026-02-02 23:26:32.881 [info] Got 0 sessions for ...
2026-02-02 23:26:32.883 [info] Getting sessions for user:email...
2026-02-02 23:26:32.883 [info] Got 0 sessions for user:email...
2026-02-02 23:26:33.127 [info] Getting sessions for all scopes...
2026-02-02 23:26:33.127 [info] Got 0 sessions for ...
2026-02-02 23:26:33.128 [info] Getting sessions for user:email...
2026-02-02 23:26:33.128 [info] Got 0 sessions for user:email...
2026-02-02 23:26:33.210 [info] Getting sessions for all scopes...
2026-02-02 23:26:33.210 [info] Got 0 sessions for ...
2026-02-02 23:26:33.211 [info] Getting sessions for user:email...
2026-02-02 23:26:33.211 [info] Got 0 sessions for user:email...
2026-02-02 23:26:33.270 [info] Getting sessions for all scopes...
2026-02-02 23:26:33.270 [info] Got 0 sessions for ...
2026-02-02 23:26:33.275 [info] Getting sessions for user:email...
2026-02-02 23:26:33.275 [info] Got 0 sessions for user:email...
2026-02-02 23:26:33.445 [info] Getting sessions for all scopes...
2026-02-02 23:26:33.445 [info] Got 0 sessions for ...
2026-02-02 23:26:33.446 [info] Getting sessions for user:email...
2026-02-02 23:26:33.446 [info] Got 0 sessions for user:email...
2026-02-02 23:26:38.447 [info] Getting sessions for all scopes...
2026-02-02 23:26:38.447 [info] Got 0 sessions for ...
2026-02-02 23:26:38.448 [info] Getting sessions for user:email...
2026-02-02 23:26:38.448 [info] Got 0 sessions for user:email...
2026-02-03 00:11:47.167 [info] Reading sessions from keychain...
2026-02-03 00:11:47.167 [info] Getting sessions for all scopes...
2026-02-03 00:11:47.167 [info] Got 0 sessions for ...
2026-02-03 00:11:47.167 [info] Getting sessions for all scopes...
2026-02-03 00:11:47.167 [info] Got 0 sessions for ...
2026-02-03 00:11:47.167 [info] Getting sessions for all scopes...
2026-02-03 00:11:47.167 [info] Got 0 sessions for ...
2026-02-03 00:11:47.167 [info] Getting sessions for all scopes...
2026-02-03 00:11:47.167 [info] Got 0 sessions for ...
2026-02-03 00:11:47.167 [info] Getting sessions for all scopes...
2026-02-03 00:11:47.167 [info] Got 0 sessions for ...
2026-02-03 00:11:47.167 [info] Getting sessions for all scopes...
2026-02-03 00:11:47.167 [info] Got 0 sessions for ...
2026-02-03 00:11:47.167 [info] Getting sessions for all scopes...
2026-02-03 00:11:47.167 [info] Got 0 sessions for ...
2026-02-03 00:11:47.167 [info] Getting sessions for all scopes...
2026-02-03 00:11:47.167 [info] Got 0 sessions for ...
2026-02-03 00:11:47.167 [info] Getting sessions for all scopes...
2026-02-03 00:11:47.167 [info] Got 0 sessions for ...
2026-02-03 00:11:47.167 [info] Getting sessions for all scopes...
2026-02-03 00:11:47.167 [info] Got 0 sessions for ...
2026-02-03 00:11:47.167 [info] Getting sessions for all scopes...
2026-02-03 00:11:47.167 [info] Got 0 sessions for ...
2026-02-03 00:11:47.167 [info] Getting sessions for all scopes...
2026-02-03 00:11:47.167 [info] Got 0 sessions for ...
2026-02-03 00:11:47.167 [info] Getting sessions for all scopes...
2026-02-03 00:11:47.167 [info] Got 0 sessions for ...
2026-02-03 00:11:47.167 [info] Getting sessions for all scopes...
2026-02-03 00:11:47.167 [info] Got 0 sessions for ...
2026-02-03 00:11:47.167 [info] Getting sessions for all scopes...
2026-02-03 00:11:47.167 [info] Got 0 sessions for ...
2026-02-03 00:11:47.167 [info] Getting sessions for all scopes...
2026-02-03 00:11:47.167 [info] Got 0 sessions for ...
2026-02-03 00:11:47.167 [info] Getting sessions for all scopes...
2026-02-03 00:11:47.167 [info] Got 0 sessions for ...
2026-02-03 00:11:47.167 [info] Getting sessions for all scopes...
2026-02-03 00:11:47.167 [info] Got 0 sessions for ...
2026-02-03 00:11:47.177 [info] Getting sessions for user:email...
2026-02-03 00:11:47.177 [info] Got 0 sessions for user:email...
2026-02-03 00:11:47.177 [info] Getting sessions for read:user,repo,user:email,workflow...
2026-02-03 00:11:47.177 [info] Got 0 sessions for read:user,repo,user:email,workflow...
2026-02-03 00:11:47.219 [info] Getting sessions for all scopes...
2026-02-03 00:11:47.219 [info] Got 0 sessions for ...
2026-02-03 00:11:47.220 [info] Getting sessions for user:email...
2026-02-03 00:11:47.220 [info] Got 0 sessions for user:email...
2026-02-03 00:11:47.526 [info] Getting sessions for all scopes...
2026-02-03 00:11:47.526 [info] Got 0 sessions for ...
2026-02-03 00:11:47.526 [info] Getting sessions for all scopes...
2026-02-03 00:11:47.526 [info] Got 0 sessions for ...
2026-02-03 00:11:47.526 [info] Getting sessions for all scopes...
2026-02-03 00:11:47.526 [info] Got 0 sessions for ...
2026-02-03 00:11:47.529 [info] Getting sessions for user:email...
2026-02-03 00:11:47.529 [info] Got 0 sessions for user:email...
2026-02-03 00:11:47.529 [info] Getting sessions for read:user,repo,user:email,workflow...
2026-02-03 00:11:47.529 [info] Got 0 sessions for read:user,repo,user:email,workflow...
2026-02-03 00:11:47.985 [info] Getting sessions for all scopes...
2026-02-03 00:11:47.985 [info] Got 0 sessions for ...
2026-02-03 00:11:57.171 [info] Reading sessions from keychain...
2026-02-03 00:11:57.171 [info] Getting sessions for all scopes...
2026-02-03 00:11:57.171 [info] Got 0 sessions for ...
2026-02-03 00:11:57.171 [info] Getting sessions for all scopes...
2026-02-03 00:11:57.171 [info] Got 0 sessions for ...
2026-02-03 00:11:57.171 [info] Getting sessions for all scopes...
2026-02-03 00:11:57.171 [info] Got 0 sessions for ...
2026-02-03 00:11:57.171 [info] Getting sessions for all scopes...
2026-02-03 00:11:57.171 [info] Got 0 sessions for ...
2026-02-03 00:11:57.171 [info] Getting sessions for all scopes...
2026-02-03 00:11:57.171 [info] Got 0 sessions for ...
2026-02-03 00:11:57.171 [info] Getting sessions for all scopes...
2026-02-03 00:11:57.171 [info] Got 0 sessions for ...
2026-02-03 00:11:57.171 [info] Getting sessions for all scopes...
2026-02-03 00:11:57.171 [info] Got 0 sessions for ...
2026-02-03 00:11:57.171 [info] Getting sessions for all scopes...
2026-02-03 00:11:57.171 [info] Got 0 sessions for ...
2026-02-03 00:11:57.171 [info] Getting sessions for all scopes...
2026-02-03 00:11:57.171 [info] Got 0 sessions for ...
2026-02-03 00:11:57.171 [info] Getting sessions for all scopes...
2026-02-03 00:11:57.171 [info] Got 0 sessions for ...
2026-02-03 00:11:57.171 [info] Getting sessions for all scopes...
2026-02-03 00:11:57.171 [info] Got 0 sessions for ...
2026-02-03 00:11:57.171 [info] Getting sessions for all scopes...
2026-02-03 00:11:57.171 [info] Got 0 sessions for ...
2026-02-03 00:11:57.171 [info] Getting sessions for all scopes...
2026-02-03 00:11:57.171 [info] Got 0 sessions for ...
2026-02-03 00:11:57.171 [info] Getting sessions for all scopes...
2026-02-03 00:11:57.171 [info] Got 0 sessions for ...
2026-02-03 00:11:57.171 [info] Getting sessions for all scopes...
2026-02-03 00:11:57.172 [info] Got 0 sessions for ...
2026-02-03 00:11:57.172 [info] Getting sessions for all scopes...
2026-02-03 00:11:57.172 [info] Got 0 sessions for ...
2026-02-03 00:11:57.172 [info] Getting sessions for all scopes...
2026-02-03 00:11:57.172 [info] Got 0 sessions for ...
2026-02-03 00:11:57.172 [info] Getting sessions for all scopes...
2026-02-03 00:11:57.172 [info] Got 0 sessions for ...
2026-02-03 00:11:57.223 [info] Getting sessions for user:email...
2026-02-03 00:11:57.223 [info] Got 0 sessions for user:email...
2026-02-03 00:11:57.224 [info] Getting sessions for read:user,repo,user:email,workflow...
2026-02-03 00:11:57.224 [info] Got 0 sessions for read:user,repo,user:email,workflow...
2026-02-03 00:11:57.645 [info] Getting sessions for all scopes...
2026-02-03 00:11:57.645 [info] Got 0 sessions for ...
2026-02-03 00:11:57.646 [info] Getting sessions for all scopes...
2026-02-03 00:11:57.646 [info] Got 0 sessions for ...
2026-02-03 00:11:57.646 [info] Getting sessions for all scopes...
2026-02-03 00:11:57.646 [info] Got 0 sessions for ...
2026-02-03 00:11:57.960 [info] Getting sessions for user:email...
2026-02-03 00:11:57.960 [info] Got 0 sessions for user:email...
2026-02-03 00:11:57.960 [info] Getting sessions for read:user,repo,user:email,workflow...
2026-02-03 00:11:57.960 [info] Got 0 sessions for read:user,repo,user:email,workflow...
2026-02-03 00:11:57.960 [info] Getting sessions for read:user,repo,user:email,workflow...
2026-02-03 00:11:57.960 [info] Got 0 sessions for read:user,repo,user:email,workflow...
2026-02-03 00:11:57.962 [info] Getting sessions for all scopes...
2026-02-03 00:11:57.962 [info] Got 0 sessions for ...
2026-02-03 00:11:58.218 [info] Getting sessions for all scopes...
2026-02-03 00:11:58.219 [info] Got 0 sessions for ...
2026-02-03 00:11:58.221 [info] Getting sessions for user:email...
2026-02-03 00:11:58.221 [info] Got 0 sessions for user:email...
2026-02-03 00:11:58.225 [info] Getting sessions for all scopes...
2026-02-03 00:11:58.225 [info] Got 0 sessions for ...
2026-02-03 00:11:58.226 [info] Getting sessions for all scopes...
2026-02-03 00:11:58.226 [info] Got 0 sessions for ...
2026-02-03 00:11:58.226 [info] Getting sessions for all scopes...
2026-02-03 00:11:58.226 [info] Got 0 sessions for ...
2026-02-03 00:11:58.227 [info] Getting sessions for read:user,repo,user:email,workflow...
2026-02-03 00:11:58.227 [info] Got 0 sessions for read:user,repo,user:email,workflow...
2026-02-03 00:12:51.288 [info] Getting sessions for read:user,repo,user:email,workflow...
2026-02-03 00:12:51.288 [info] Got 0 sessions for read:user,repo,user:email,workflow...
2026-02-03 00:12:54.887 [info] Logging in with 'any' account...
2026-02-03 00:12:54.887 [info] Logging in for the following scopes: read:user repo user:email workflow
2026-02-03 00:12:54.908 [info] Trying with local server... (read:user repo user:email workflow)
2026-02-03 00:13:00.618 [info] Exchanging code for token...
2026-02-03 00:13:01.666 [info] Token exchange success!
2026-02-03 00:13:01.667 [info] Getting user info...
2026-02-03 00:13:02.074 [info] Got account info!
2026-02-03 00:13:02.074 [info] Storing 1 sessions...
2026-02-03 00:13:02.076 [info] Reading sessions from keychain...
2026-02-03 00:13:02.076 [info] Stored 1 sessions!
2026-02-03 00:13:02.076 [info] Login success!
2026-02-03 00:13:02.077 [info] Getting sessions for all scopes...
2026-02-03 00:13:02.083 [info] Got stored sessions!
2026-02-03 00:13:02.083 [info] Got 1 verified sessions.
2026-02-03 00:13:02.083 [info] Got 1 sessions for ...
2026-02-03 00:13:02.083 [info] Getting sessions for all scopes...
2026-02-03 00:13:02.083 [info] Got 1 sessions for ...
2026-02-03 00:13:02.083 [info] Getting sessions for all scopes...
2026-02-03 00:13:02.083 [info] Got 1 sessions for ...
2026-02-03 00:13:02.084 [info] Getting sessions for all scopes...
2026-02-03 00:13:02.084 [info] Got 1 sessions for ...
2026-02-03 00:13:02.084 [info] Getting sessions for all scopes...
2026-02-03 00:13:02.084 [info] Got 1 sessions for ...
2026-02-03 00:13:02.085 [info] Getting sessions for all scopes...
2026-02-03 00:13:02.085 [info] Got 1 sessions for ...
2026-02-03 00:13:02.094 [info] Getting sessions for all scopes...
2026-02-03 00:13:02.094 [info] Got 1 sessions for ...
2026-02-03 00:13:02.094 [info] Getting sessions for all scopes...
2026-02-03 00:13:02.094 [info] Got 1 sessions for ...
2026-02-03 00:13:02.095 [info] Getting sessions for read:user,repo,user:email,workflow...
2026-02-03 00:13:02.095 [info] Got 1 sessions for read:user,repo,user:email,workflow...
2026-02-03 00:13:02.105 [info] Getting sessions for read:user,repo,user:email,workflow...
2026-02-03 00:13:02.105 [info] Got 1 sessions for read:user,repo,user:email,workflow...
2026-02-03 00:13:02.140 [info] Getting sessions for all scopes...
2026-02-03 00:13:02.140 [info] Got 1 sessions for ...
2026-02-03 00:13:02.141 [info] Getting sessions for read:user,repo,user:email,workflow...
2026-02-03 00:13:02.141 [info] Got 1 sessions for read:user,repo,user:email,workflow...
2026-02-03 00:13:02.486 [info] FetcherService: Electron fetch failed with status: 429 
2026-02-03 00:13:02.486 [info] Unable to resolve optional EDU details. Status: 429 
2026-02-03 00:13:02.536 [info] Getting sessions for all scopes...
2026-02-03 00:13:02.536 [info] Got 1 sessions for ...
2026-02-03 00:13:02.536 [info] Getting sessions for all scopes...
2026-02-03 00:13:02.536 [info] Got 1 sessions for ...
2026-02-03 00:13:02.537 [info] Getting sessions for read:user,repo,user:email,workflow...
2026-02-03 00:13:02.537 [info] Got 1 sessions for read:user,repo,user:email,workflow...
2026-02-03 00:13:02.605 [info] Getting sessions for all scopes...
2026-02-03 00:13:02.605 [info] Got 1 sessions for ...
2026-02-03 00:13:02.606 [info] Getting sessions for all scopes...
2026-02-03 00:13:02.606 [info] Got 1 sessions for ...
2026-02-03 00:13:02.618 [info] Getting sessions for read:user,repo,user:email,workflow...
2026-02-03 00:13:02.618 [info] Got 1 sessions for read:user,repo,user:email,workflow...
2026-02-03 00:13:02.920 [info] Getting sessions for all scopes...
2026-02-03 00:13:02.920 [info] Got 1 sessions for ...
2026-02-03 00:13:02.923 [info] Getting sessions for read:user,repo,user:email,workflow...
2026-02-03 00:13:02.923 [info] Got 1 sessions for read:user,repo,user:email,workflow...
2026-02-03 00:13:03.273 [info] Getting sessions for all scopes...
2026-02-03 00:13:03.273 [info] Got 1 sessions for ...
2026-02-03 00:13:03.274 [info] Getting sessions for read:user,repo,user:email,workflow...
2026-02-03 00:13:03.274 [info] Got 1 sessions for read:user,repo,user:email,workflow...
2026-02-03 00:13:56.357 [info] Reading sessions from keychain...
2026-02-03 00:13:56.357 [info] Getting sessions for all scopes...
2026-02-03 00:13:56.357 [info] Got stored sessions!
2026-02-03 00:13:56.357 [info] Got 1 verified sessions.
2026-02-03 00:13:56.357 [info] Got 1 sessions for ...
2026-02-03 00:13:56.357 [info] Getting sessions for all scopes...
2026-02-03 00:13:56.357 [info] Got 1 sessions for ...
2026-02-03 00:13:56.357 [info] Getting sessions for all scopes...
2026-02-03 00:13:56.357 [info] Got 1 sessions for ...
2026-02-03 00:13:56.357 [info] Getting sessions for all scopes...
2026-02-03 00:13:56.357 [info] Got 1 sessions for ...
2026-02-03 00:13:56.357 [info] Getting sessions for all scopes...
2026-02-03 00:13:56.357 [info] Got 1 sessions for ...
2026-02-03 00:13:56.357 [info] Getting sessions for all scopes...
2026-02-03 00:13:56.357 [info] Got 1 sessions for ...
2026-02-03 00:13:56.357 [info] Getting sessions for all scopes...
2026-02-03 00:13:56.357 [info] Got 1 sessions for ...
2026-02-03 00:13:56.357 [info] Getting sessions for all scopes...
2026-02-03 00:13:56.357 [info] Got 1 sessions for ...
2026-02-03 00:13:56.357 [info] Getting sessions for all scopes...
2026-02-03 00:13:56.357 [info] Got 1 sessions for ...
2026-02-03 00:13:56.357 [info] Getting sessions for all scopes...
2026-02-03 00:13:56.357 [info] Got 1 sessions for ...
2026-02-03 00:13:56.361 [info] Getting sessions for all scopes...
2026-02-03 00:13:56.361 [info] Got 1 sessions for ...
2026-02-03 00:13:56.362 [info] Getting sessions for all scopes...
2026-02-03 00:13:56.362 [info] Got 1 sessions for ...
2026-02-03 00:13:56.362 [info] Getting sessions for all scopes...
2026-02-03 00:13:56.362 [info] Got 1 sessions for ...
2026-02-03 00:13:56.362 [info] Getting sessions for all scopes...
2026-02-03 00:13:56.362 [info] Got 1 sessions for ...
2026-02-03 00:13:56.363 [info] Getting sessions for all scopes...
2026-02-03 00:13:56.363 [info] Got 1 sessions for ...
2026-02-03 00:13:56.363 [info] Getting sessions for all scopes...
2026-02-03 00:13:56.363 [info] Got 1 sessions for ...
2026-02-03 00:13:56.564 [info] Getting sessions for read:user,repo,user:email,workflow...
2026-02-03 00:13:56.564 [info] Got 1 sessions for read:user,repo,user:email,workflow...
2026-02-03 00:13:57.489 [info] FetcherService: Electron fetch failed with status: 429 
2026-02-03 00:13:57.492 [info] Unable to resolve optional EDU details. Status: 429 
2026-02-03 00:13:58.156 [info] Getting sessions for all scopes...
2026-02-03 00:13:58.156 [info] Got 1 sessions for ...
2026-02-03 00:14:02.089 [info] Getting sessions for all scopes...
2026-02-03 00:14:02.089 [info] Got 1 sessions for ...
2026-02-03 00:14:02.089 [info] Getting sessions for all scopes...
2026-02-03 00:14:02.089 [info] Got 1 sessions for ...
2026-02-03 00:14:02.262 [info] Getting sessions for read:user,repo,user:email,workflow...
2026-02-03 00:14:02.262 [info] Got 1 sessions for read:user,repo,user:email,workflow...
2026-02-03 00:14:02.289 [info] Getting sessions for all scopes...
2026-02-03 00:14:02.289 [info] Got 1 sessions for ...
2026-02-03 00:14:02.290 [info] Getting sessions for read:user,repo,user:email,workflow...
2026-02-03 00:14:02.290 [info] Got 1 sessions for read:user,repo,user:email,workflow...
2026-02-03 00:14:02.509 [info] Getting sessions for all scopes...
2026-02-03 00:14:02.509 [info] Got 1 sessions for ...
2026-02-03 00:14:02.509 [info] Getting sessions for all scopes...
2026-02-03 00:14:02.509 [info] Got 1 sessions for ...
2026-02-03 00:14:02.523 [info] Getting sessions for read:user,repo,user:email,workflow...
2026-02-03 00:14:02.523 [info] Got 1 sessions for read:user,repo,user:email,workflow...
2026-02-03 00:14:03.035 [info] Getting sessions for all scopes...
2026-02-03 00:14:03.035 [info] Got 1 sessions for ...
2026-02-03 00:14:03.035 [info] Getting sessions for all scopes...
2026-02-03 00:14:03.035 [info] Got 1 sessions for ...
2026-02-03 00:14:03.044 [info] Getting sessions for read:user,repo,user:email,workflow...
2026-02-03 00:14:03.044 [info] Got 1 sessions for read:user,repo,user:email,workflow...
2026-02-03 00:14:03.133 [info] Getting sessions for all scopes...
2026-02-03 00:14:03.133 [info] Got 1 sessions for ...
2026-02-03 00:14:03.135 [info] Getting sessions for all scopes...
2026-02-03 00:14:03.135 [info] Got 1 sessions for ...
2026-02-03 00:14:03.135 [info] Getting sessions for all scopes...
2026-02-03 00:14:03.135 [info] Got 1 sessions for ...
2026-02-03 00:14:03.138 [info] Getting sessions for all scopes...
2026-02-03 00:14:03.138 [info] Got 1 sessions for ...
2026-02-03 00:14:03.139 [info] Getting sessions for read:user,repo,user:email,workflow...
2026-02-03 00:14:03.139 [info] Got 1 sessions for read:user,repo,user:email,workflow...
2026-02-03 00:15:00.418 [info] Reading sessions from keychain...
2026-02-03 00:15:00.418 [info] Got stored sessions!
2026-02-03 00:15:00.418 [info] Got 1 verified sessions.
2026-02-03 00:15:00.418 [info] Getting sessions for all scopes...
2026-02-03 00:15:00.418 [info] Got 1 sessions for ...
2026-02-03 00:15:00.418 [info] Getting sessions for all scopes...
2026-02-03 00:15:00.418 [info] Got 1 sessions for ...
2026-02-03 00:15:00.418 [info] Getting sessions for all scopes...
2026-02-03 00:15:00.418 [info] Got 1 sessions for ...
2026-02-03 00:15:00.418 [info] Getting sessions for all scopes...
2026-02-03 00:15:00.418 [info] Got 1 sessions for ...
2026-02-03 00:15:00.418 [info] Getting sessions for all scopes...
2026-02-03 00:15:00.418 [info] Got 1 sessions for ...
2026-02-03 00:15:00.418 [info] Getting sessions for all scopes...
2026-02-03 00:15:00.418 [info] Got 1 sessions for ...
2026-02-03 00:15:00.418 [info] Getting sessions for all scopes...
2026-02-03 00:15:00.418 [info] Got 1 sessions for ...
2026-02-03 00:15:00.418 [info] Getting sessions for all scopes...
2026-02-03 00:15:00.418 [info] Got 1 sessions for ...
2026-02-03 00:15:00.418 [info] Getting sessions for all scopes...
2026-02-03 00:15:00.418 [info] Got 1 sessions for ...
2026-02-03 00:15:00.418 [info] Getting sessions for all scopes...
2026-02-03 00:15:00.418 [info] Got 1 sessions for ...
2026-02-03 00:15:00.418 [info] Getting sessions for all scopes...
2026-02-03 00:15:00.418 [info] Got 1 sessions for ...
2026-02-03 00:15:00.418 [info] Getting sessions for all scopes...
2026-02-03 00:15:00.418 [info] Got 1 sessions for ...
2026-02-03 00:15:00.418 [info] Getting sessions for all scopes...
2026-02-03 00:15:00.418 [info] Got 1 sessions for ...
2026-02-03 00:15:00.418 [info] Getting sessions for all scopes...
2026-02-03 00:15:00.418 [info] Got 1 sessions for ...
2026-02-03 00:15:00.418 [info] Getting sessions for all scopes...
2026-02-03 00:15:00.418 [info] Got 1 sessions for ...
2026-02-03 00:15:00.418 [info] Getting sessions for all scopes...
2026-02-03 00:15:00.418 [info] Got 1 sessions for ...
2026-02-03 00:15:00.418 [info] Getting sessions for all scopes...
2026-02-03 00:15:00.418 [info] Got 1 sessions for ...
2026-02-03 00:15:00.418 [info] Getting sessions for all scopes...
2026-02-03 00:15:00.418 [info] Got 1 sessions for ...
2026-02-03 00:15:00.431 [info] Getting sessions for read:user,repo,user:email,workflow...
2026-02-03 00:15:00.431 [info] Got 1 sessions for read:user,repo,user:email,workflow...
2026-02-03 00:15:00.473 [info] Getting sessions for all scopes...
2026-02-03 00:15:00.473 [info] Got 1 sessions for ...
2026-02-03 00:15:00.474 [info] Getting sessions for read:user,repo,user:email,workflow...
2026-02-03 00:15:00.474 [info] Got 1 sessions for read:user,repo,user:email,workflow...
2026-02-03 00:15:00.755 [info] Getting sessions for all scopes...
2026-02-03 00:15:00.756 [info] Got 1 sessions for ...
2026-02-03 00:15:00.756 [info] Getting sessions for all scopes...
2026-02-03 00:15:00.756 [info] Got 1 sessions for ...
2026-02-03 00:15:00.758 [info] Getting sessions for read:user,repo,user:email,workflow...
2026-02-03 00:15:00.758 [info] Got 1 sessions for read:user,repo,user:email,workflow...
2026-02-03 00:15:01.232 [info] Getting sessions for all scopes...
2026-02-03 00:15:01.232 [info] Got 1 sessions for ...
2026-02-03 00:15:01.266 [info] Getting sessions for all scopes...
2026-02-03 00:15:01.266 [info] Got 1 sessions for ...
2026-02-03 00:15:01.266 [info] Getting sessions for all scopes...
2026-02-03 00:15:01.266 [info] Got 1 sessions for ...
2026-02-03 00:15:01.277 [info] Getting sessions for read:user,repo,user:email,workflow...
2026-02-03 00:15:01.277 [info] Got 1 sessions for read:user,repo,user:email,workflow...
2026-02-03 00:15:01.356 [info] Getting sessions for all scopes...
2026-02-03 00:15:01.356 [info] Got 1 sessions for ...
2026-02-03 00:15:01.357 [info] Getting sessions for all scopes...
2026-02-03 00:15:01.357 [info] Got 1 sessions for ...
2026-02-03 00:15:01.357 [info] Getting sessions for all scopes...
2026-02-03 00:15:01.357 [info] Got 1 sessions for ...
2026-02-03 00:15:01.361 [info] Getting sessions for all scopes...
2026-02-03 00:15:01.361 [info] Got 1 sessions for ...
2026-02-03 00:15:01.368 [info] Getting sessions for read:user,repo,user:email,workflow...
2026-02-03 00:15:01.368 [info] Got 1 sessions for read:user,repo,user:email,workflow...
2026-02-03 00:15:01.387 [info] FetcherService: Electron fetch failed with status: 429 
2026-02-03 00:15:01.389 [info] Unable to resolve optional EDU details. Status: 429 
2026-02-03 00:15:02.025 [info] Getting sessions for all scopes...
2026-02-03 00:15:02.025 [info] Got 1 sessions for ...
2026-02-03 00:15:02.026 [info] Getting sessions for read:user,repo,user:email,workflow...
2026-02-03 00:15:02.026 [info] Got 1 sessions for read:user,repo,user:email,workflow...
2026-02-03 00:15:07.303 [info] Reading sessions from keychain...
2026-02-03 00:15:07.303 [info] Got stored sessions!
2026-02-03 00:15:07.303 [info] Got 1 verified sessions.
2026-02-03 00:15:07.303 [info] Getting sessions for all scopes...
2026-02-03 00:15:07.303 [info] Got 1 sessions for ...
2026-02-03 00:15:07.303 [info] Getting sessions for all scopes...
2026-02-03 00:15:07.303 [info] Got 1 sessions for ...
2026-02-03 00:15:07.303 [info] Getting sessions for all scopes...
2026-02-03 00:15:07.303 [info] Got 1 sessions for ...
2026-02-03 00:15:07.303 [info] Getting sessions for all scopes...
2026-02-03 00:15:07.303 [info] Got 1 sessions for ...
2026-02-03 00:15:07.303 [info] Getting sessions for all scopes...
2026-02-03 00:15:07.303 [info] Got 1 sessions for ...
2026-02-03 00:15:07.303 [info] Getting sessions for all scopes...
2026-02-03 00:15:07.303 [info] Got 1 sessions for ...
2026-02-03 00:15:07.303 [info] Getting sessions for all scopes...
2026-02-03 00:15:07.303 [info] Got 1 sessions for ...
2026-02-03 00:15:07.303 [info] Getting sessions for all scopes...
2026-02-03 00:15:07.303 [info] Got 1 sessions for ...
2026-02-03 00:15:07.303 [info] Getting sessions for all scopes...
2026-02-03 00:15:07.303 [info] Got 1 sessions for ...
2026-02-03 00:15:07.303 [info] Getting sessions for all scopes...
2026-02-03 00:15:07.303 [info] Got 1 sessions for ...
2026-02-03 00:15:07.303 [info] Getting sessions for all scopes...
2026-02-03 00:15:07.303 [info] Got 1 sessions for ...
2026-02-03 00:15:07.303 [info] Getting sessions for all scopes...
2026-02-03 00:15:07.303 [info] Got 1 sessions for ...
2026-02-03 00:15:07.303 [info] Getting sessions for all scopes...
2026-02-03 00:15:07.303 [info] Got 1 sessions for ...
2026-02-03 00:15:07.303 [info] Getting sessions for all scopes...
2026-02-03 00:15:07.303 [info] Got 1 sessions for ...
2026-02-03 00:15:07.303 [info] Getting sessions for all scopes...
2026-02-03 00:15:07.303 [info] Got 1 sessions for ...
2026-02-03 00:15:07.303 [info] Getting sessions for all scopes...
2026-02-03 00:15:07.303 [info] Got 1 sessions for ...
2026-02-03 00:15:07.303 [info] Getting sessions for all scopes...
2026-02-03 00:15:07.303 [info] Got 1 sessions for ...
2026-02-03 00:15:07.303 [info] Getting sessions for all scopes...
2026-02-03 00:15:07.303 [info] Got 1 sessions for ...
2026-02-03 00:15:07.306 [info] Getting sessions for read:user,repo,user:email,workflow...
2026-02-03 00:15:07.307 [info] Got 1 sessions for read:user,repo,user:email,workflow...
2026-02-03 00:15:07.748 [info] Getting sessions for all scopes...
2026-02-03 00:15:07.748 [info] Got 1 sessions for ...
2026-02-03 00:15:07.748 [info] Getting sessions for all scopes...
2026-02-03 00:15:07.748 [info] Got 1 sessions for ...
2026-02-03 00:15:07.748 [info] Getting sessions for all scopes...
2026-02-03 00:15:07.748 [info] Got 1 sessions for ...
2026-02-03 00:15:07.814 [info] Getting sessions for read:user,repo,user:email,workflow...
2026-02-03 00:15:07.814 [info] Got 1 sessions for read:user,repo,user:email,workflow...
2026-02-03 00:15:07.855 [info] Getting sessions for read:user,repo,user:email,workflow...
2026-02-03 00:15:07.855 [info] Got 1 sessions for read:user,repo,user:email,workflow...
2026-02-03 00:15:08.084 [info] Getting sessions for all scopes...
2026-02-03 00:15:08.085 [info] Got 1 sessions for ...
2026-02-03 00:15:08.392 [info] Getting sessions for all scopes...
2026-02-03 00:15:08.392 [info] Got 1 sessions for ...
2026-02-03 00:15:08.392 [info] Getting sessions for all scopes...
2026-02-03 00:15:08.392 [info] Got 1 sessions for ...
2026-02-03 00:15:08.402 [info] Getting sessions for read:user,repo,user:email,workflow...
2026-02-03 00:15:08.402 [info] Got 1 sessions for read:user,repo,user:email,workflow...
2026-02-03 00:15:08.490 [info] Getting sessions for all scopes...
2026-02-03 00:15:08.490 [info] Got 1 sessions for ...
2026-02-03 00:15:08.491 [info] FetcherService: Electron fetch failed with status: 429 
2026-02-03 00:15:08.493 [info] Unable to resolve optional EDU details. Status: 429 
2026-02-03 00:15:08.502 [info] Getting sessions for all scopes...
2026-02-03 00:15:08.502 [info] Got 1 sessions for ...
2026-02-03 00:15:08.505 [info] Getting sessions for all scopes...
2026-02-03 00:15:08.505 [info] Got 1 sessions for ...
2026-02-03 00:15:08.506 [info] Getting sessions for all scopes...
2026-02-03 00:15:08.506 [info] Got 1 sessions for ...
2026-02-03 00:15:08.581 [info] Getting sessions for read:user,repo,user:email,workflow...
2026-02-03 00:15:08.581 [info] Got 1 sessions for read:user,repo,user:email,workflow...
2026-02-03 00:15:09.138 [info] Getting sessions for all scopes...
2026-02-03 00:15:09.138 [info] Got 1 sessions for ...
2026-02-03 00:15:09.139 [info] Getting sessions for read:user,repo,user:email,workflow...
2026-02-03 00:15:09.139 [info] Got 1 sessions for read:user,repo,user:email,workflow...
