2026-02-02 21:20:36.921 [info] Latency measurements for local backend
window<->ptyhost (message port): 0.50ms
window<->ptyhostservice<->ptyhost: 2.30ms
ptyhostservice<->ptyhost: 0.43ms []
2026-02-02 21:21:42.728 [info] Latency measurements for local backend
window<->ptyhost (message port): 0.70ms
window<->ptyhostservice<->ptyhost: 1.10ms
ptyhostservice<->ptyhost: 0.45ms []
2026-02-02 21:22:00.789 [info] Latency measurements for local backend
window<->ptyhost (message port): 0.50ms
window<->ptyhostservice<->ptyhost: 1.10ms
ptyhostservice<->ptyhost: 0.45ms []
2026-02-02 21:22:23.424 [info] Latency measurements for local backend
window<->ptyhost (message port): 0.40ms
window<->ptyhostservice<->ptyhost: 0.90ms
ptyhostservice<->ptyhost: 0.41ms []
2026-02-02 21:22:28.454 [error] Exception occurred during xterm disposal [{}]
2026-02-02 21:23:04.674 [info] Latency measurements for local backend
window<->ptyhost (message port): 0.40ms
window<->ptyhostservice<->ptyhost: 1.00ms
ptyhostservice<->ptyhost: 0.43ms []
2026-02-02 21:23:33.659 [info] Latency measurements for local backend
window<->ptyhost (message port): 0.40ms
window<->ptyhostservice<->ptyhost: 1.50ms
ptyhostservice<->ptyhost: 0.50ms []
2026-02-02 21:24:32.757 [info] Latency measurements for local backend
window<->ptyhost (message port): 0.40ms
window<->ptyhostservice<->ptyhost: 0.90ms
ptyhostservice<->ptyhost: 0.45ms []
2026-02-02 21:24:36.126 [error] Exception occurred during xterm disposal [{}]
2026-02-02 23:01:15.166 [info] Latency measurements for local backend
window<->ptyhost (message port): 0.50ms
window<->ptyhostservice<->ptyhost: 2.50ms
ptyhostservice<->ptyhost: 0.35ms []
2026-02-02 23:01:35.298 [info] Latency measurements for local backend
window<->ptyhost (message port): 0.30ms
window<->ptyhostservice<->ptyhost: 0.80ms
ptyhostservice<->ptyhost: 0.38ms []
2026-02-02 23:03:11.625 [info] Latency measurements for local backend
window<->ptyhost (message port): 0.40ms
window<->ptyhostservice<->ptyhost: 1.00ms
ptyhostservice<->ptyhost: 0.44ms []
2026-02-02 23:03:48.392 [info] Latency measurements for local backend
window<->ptyhost (message port): 0.50ms
window<->ptyhostservice<->ptyhost: 1.00ms
ptyhostservice<->ptyhost: 0.44ms []
2026-02-02 23:27:03.354 [info] Latency measurements for local backend
window<->ptyhost (message port): 0.50ms
window<->ptyhostservice<->ptyhost: 0.90ms
ptyhostservice<->ptyhost: 0.38ms []
2026-02-03 00:11:44.697 [error] Exception occurred during xterm disposal [{}]
