2026-02-02 17:18:42.703 [info] Reading sessions from keychain...
2026-02-02 17:18:42.703 [info] Getting sessions for all scopes...
2026-02-02 17:18:42.703 [info] Got 0 sessions for ...
2026-02-02 17:18:42.703 [info] Getting sessions for all scopes...
2026-02-02 17:18:42.703 [info] Got 0 sessions for ...
2026-02-02 17:18:42.703 [info] Getting sessions for all scopes...
2026-02-02 17:18:42.703 [info] Got 0 sessions for ...
2026-02-02 17:18:42.703 [info] Getting sessions for all scopes...
2026-02-02 17:18:42.703 [info] Got 0 sessions for ...
2026-02-02 17:18:42.703 [info] Getting sessions for all scopes...
2026-02-02 17:18:42.703 [info] Got 0 sessions for ...
2026-02-02 17:18:42.703 [info] Getting sessions for all scopes...
2026-02-02 17:18:42.703 [info] Got 0 sessions for ...
2026-02-02 17:18:42.703 [info] Getting sessions for all scopes...
2026-02-02 17:18:42.703 [info] Got 0 sessions for ...
2026-02-02 17:18:42.703 [info] Getting sessions for all scopes...
2026-02-02 17:18:42.703 [info] Got 0 sessions for ...
2026-02-02 17:18:42.703 [info] Getting sessions for all scopes...
2026-02-02 17:18:42.703 [info] Got 0 sessions for ...
2026-02-02 17:18:42.703 [info] Getting sessions for all scopes...
2026-02-02 17:18:42.703 [info] Got 0 sessions for ...
2026-02-02 17:18:42.703 [info] Getting sessions for all scopes...
2026-02-02 17:18:42.703 [info] Got 0 sessions for ...
2026-02-02 17:18:42.703 [info] Getting sessions for all scopes...
2026-02-02 17:18:42.703 [info] Got 0 sessions for ...
2026-02-02 17:18:42.703 [info] Getting sessions for all scopes...
2026-02-02 17:18:42.703 [info] Got 0 sessions for ...
2026-02-02 17:18:42.703 [info] Getting sessions for all scopes...
2026-02-02 17:18:42.703 [info] Got 0 sessions for ...
2026-02-02 17:18:42.703 [info] Getting sessions for all scopes...
2026-02-02 17:18:42.703 [info] Got 0 sessions for ...
2026-02-02 17:18:42.703 [info] Getting sessions for all scopes...
2026-02-02 17:18:42.703 [info] Got 0 sessions for ...
2026-02-02 17:18:42.703 [info] Getting sessions for all scopes...
2026-02-02 17:18:42.703 [info] Got 0 sessions for ...
2026-02-02 17:18:42.703 [info] Getting sessions for all scopes...
2026-02-02 17:18:42.703 [info] Got 0 sessions for ...
2026-02-02 17:18:42.703 [info] Getting sessions for user:email...
2026-02-02 17:18:42.703 [info] Got 0 sessions for user:email...
2026-02-02 17:18:42.703 [info] Getting sessions for read:user,repo,user:email,workflow...
2026-02-02 17:18:42.703 [info] Got 0 sessions for read:user,repo,user:email,workflow...
2026-02-02 17:18:42.744 [info] Getting sessions for all scopes...
2026-02-02 17:18:42.744 [info] Got 0 sessions for ...
2026-02-02 17:18:42.745 [info] Getting sessions for user:email...
2026-02-02 17:18:42.745 [info] Got 0 sessions for user:email...
2026-02-02 17:18:43.066 [info] Getting sessions for all scopes...
2026-02-02 17:18:43.066 [info] Got 0 sessions for ...
2026-02-02 17:18:43.066 [info] Getting sessions for all scopes...
2026-02-02 17:18:43.066 [info] Got 0 sessions for ...
2026-02-02 17:18:43.067 [info] Getting sessions for all scopes...
2026-02-02 17:18:43.067 [info] Got 0 sessions for ...
2026-02-02 17:18:43.069 [info] Getting sessions for user:email...
2026-02-02 17:18:43.069 [info] Got 0 sessions for user:email...
2026-02-02 17:18:43.069 [info] Getting sessions for read:user,repo,user:email,workflow...
2026-02-02 17:18:43.070 [info] Got 0 sessions for read:user,repo,user:email,workflow...
2026-02-02 17:18:43.525 [info] Getting sessions for all scopes...
2026-02-02 17:18:43.525 [info] Got 0 sessions for ...
