2026-02-02 21:16:23.876 [info] [aebc6443-996d-45c2-90f0-388ff96faa56] Native Broker enabled: false
2026-02-02 21:16:24.014 [info] [getSessions] [all] starting
2026-02-02 21:16:24.014 [info] [getSessions] [all] returned 0 session(s)
2026-02-02 21:16:24.014 [info] [getSessions] [all] starting
2026-02-02 21:16:24.014 [info] [getSessions] [all] returned 0 session(s)
2026-02-02 21:16:24.014 [info] [getSessions] [all] starting
2026-02-02 21:16:24.014 [info] [getSessions] [all] returned 0 session(s)
2026-02-02 21:16:24.062 [info] [getSessions] [499b84ac-1321-427f-aa17-267ca6975798/.default offline_access] starting
2026-02-02 21:16:24.062 [info] [aebc6443-996d-45c2-90f0-388ff96faa56] Native Broker enabled: false
2026-02-02 21:16:24.072 [info] [getSessions] [499b84ac-1321-427f-aa17-267ca6975798/.default offline_access] returned 0 session(s)
2026-02-02 21:16:24.717 [info] [getSessions] [all] starting
2026-02-02 21:16:24.717 [info] [getSessions] [all] returned 0 session(s)
2026-02-02 21:20:16.100 [info] Microsoft Authentication is deactivating...
2026-02-02 21:20:18.576 [info] [aebc6443-996d-45c2-90f0-388ff96faa56] Native Broker enabled: false
2026-02-02 21:20:18.608 [info] [getSessions] [all] starting
2026-02-02 21:20:18.608 [info] [getSessions] [all] returned 0 session(s)
2026-02-02 21:20:18.608 [info] [getSessions] [all] starting
2026-02-02 21:20:18.608 [info] [getSessions] [all] returned 0 session(s)
2026-02-02 21:20:18.608 [info] [getSessions] [all] starting
2026-02-02 21:20:18.608 [info] [getSessions] [all] returned 0 session(s)
2026-02-02 21:20:18.637 [info] [getSessions] [499b84ac-1321-427f-aa17-267ca6975798/.default offline_access] starting
2026-02-02 21:20:18.637 [info] [aebc6443-996d-45c2-90f0-388ff96faa56] Native Broker enabled: false
2026-02-02 21:20:18.680 [info] [getSessions] [499b84ac-1321-427f-aa17-267ca6975798/.default offline_access] returned 0 session(s)
2026-02-02 21:20:19.294 [info] [getSessions] [all] starting
2026-02-02 21:20:19.294 [info] [getSessions] [all] returned 0 session(s)
2026-02-02 22:05:48.121 [info] Microsoft Authentication is deactivating...
2026-02-02 22:05:50.563 [info] [aebc6443-996d-45c2-90f0-388ff96faa56] Native Broker enabled: false
2026-02-02 22:05:50.569 [info] [getSessions] [all] starting
2026-02-02 22:05:50.569 [info] [getSessions] [all] returned 0 session(s)
2026-02-02 22:05:50.569 [info] [getSessions] [all] starting
2026-02-02 22:05:50.569 [info] [getSessions] [all] returned 0 session(s)
2026-02-02 22:05:50.569 [info] [getSessions] [all] starting
2026-02-02 22:05:50.569 [info] [getSessions] [all] returned 0 session(s)
2026-02-02 22:05:50.570 [info] [getSessions] [499b84ac-1321-427f-aa17-267ca6975798/.default offline_access] starting
2026-02-02 22:05:50.570 [info] [aebc6443-996d-45c2-90f0-388ff96faa56] Native Broker enabled: false
2026-02-02 22:05:50.572 [info] [getSessions] [499b84ac-1321-427f-aa17-267ca6975798/.default offline_access] returned 0 session(s)
2026-02-02 22:05:51.432 [info] [getSessions] [all] starting
2026-02-02 22:05:51.432 [info] [getSessions] [all] returned 0 session(s)
2026-02-02 23:01:00.083 [info] Microsoft Authentication is deactivating...
2026-02-02 23:01:02.575 [info] [aebc6443-996d-45c2-90f0-388ff96faa56] Native Broker enabled: false
2026-02-02 23:01:02.614 [info] [getSessions] [all] starting
2026-02-02 23:01:02.615 [info] [getSessions] [all] returned 0 session(s)
2026-02-02 23:01:02.615 [info] [getSessions] [all] starting
2026-02-02 23:01:02.615 [info] [getSessions] [all] returned 0 session(s)
2026-02-02 23:01:02.615 [info] [getSessions] [all] starting
2026-02-02 23:01:02.615 [info] [getSessions] [all] returned 0 session(s)
2026-02-02 23:01:02.641 [info] [getSessions] [499b84ac-1321-427f-aa17-267ca6975798/.default offline_access] starting
2026-02-02 23:01:02.641 [info] [aebc6443-996d-45c2-90f0-388ff96faa56] Native Broker enabled: false
2026-02-02 23:01:02.761 [info] [getSessions] [499b84ac-1321-427f-aa17-267ca6975798/.default offline_access] returned 0 session(s)
2026-02-02 23:01:03.337 [info] [getSessions] [all] starting
2026-02-02 23:01:03.337 [info] [getSessions] [all] returned 0 session(s)
2026-02-03 00:11:44.722 [info] Microsoft Authentication is deactivating...
2026-02-03 00:11:47.210 [info] [aebc6443-996d-45c2-90f0-388ff96faa56] Native Broker enabled: false
2026-02-03 00:11:47.214 [info] [getSessions] [all] starting
2026-02-03 00:11:47.214 [info] [getSessions] [all] returned 0 session(s)
2026-02-03 00:11:47.214 [info] [getSessions] [all] starting
2026-02-03 00:11:47.214 [info] [getSessions] [all] returned 0 session(s)
2026-02-03 00:11:47.214 [info] [getSessions] [all] starting
2026-02-03 00:11:47.214 [info] [getSessions] [all] returned 0 session(s)
2026-02-03 00:11:47.215 [info] [getSessions] [499b84ac-1321-427f-aa17-267ca6975798/.default offline_access] starting
2026-02-03 00:11:47.215 [info] [aebc6443-996d-45c2-90f0-388ff96faa56] Native Broker enabled: false
2026-02-03 00:11:47.217 [info] [getSessions] [499b84ac-1321-427f-aa17-267ca6975798/.default offline_access] returned 0 session(s)
2026-02-03 00:11:47.986 [info] [getSessions] [all] starting
2026-02-03 00:11:47.986 [info] [getSessions] [all] returned 0 session(s)
2026-02-03 00:11:54.634 [info] Microsoft Authentication is deactivating...
2026-02-03 00:11:57.244 [info] [aebc6443-996d-45c2-90f0-388ff96faa56] Native Broker enabled: false
2026-02-03 00:11:57.310 [info] [getSessions] [all] starting
2026-02-03 00:11:57.310 [info] [getSessions] [all] returned 0 session(s)
2026-02-03 00:11:57.310 [info] [getSessions] [all] starting
2026-02-03 00:11:57.310 [info] [getSessions] [all] returned 0 session(s)
2026-02-03 00:11:57.310 [info] [getSessions] [all] starting
2026-02-03 00:11:57.310 [info] [getSessions] [all] returned 0 session(s)
2026-02-03 00:11:57.451 [info] [getSessions] [499b84ac-1321-427f-aa17-267ca6975798/.default offline_access] starting
2026-02-03 00:11:57.451 [info] [aebc6443-996d-45c2-90f0-388ff96faa56] Native Broker enabled: false
2026-02-03 00:11:57.631 [info] [getSessions] [499b84ac-1321-427f-aa17-267ca6975798/.default offline_access] returned 0 session(s)
2026-02-03 00:11:57.962 [info] [getSessions] [all] starting
2026-02-03 00:11:57.962 [info] [getSessions] [all] returned 0 session(s)
2026-02-03 00:13:02.094 [info] [getSessions] [499b84ac-1321-427f-aa17-267ca6975798/.default offline_access] starting
2026-02-03 00:13:02.094 [info] [getSessions] [499b84ac-1321-427f-aa17-267ca6975798/.default offline_access] returned 0 session(s)
2026-02-03 00:13:02.536 [info] [getSessions] [499b84ac-1321-427f-aa17-267ca6975798/.default offline_access] starting
2026-02-03 00:13:02.536 [info] [getSessions] [499b84ac-1321-427f-aa17-267ca6975798/.default offline_access] returned 0 session(s)
2026-02-03 00:13:54.845 [info] Microsoft Authentication is deactivating...
2026-02-03 00:14:02.280 [info] [aebc6443-996d-45c2-90f0-388ff96faa56] Native Broker enabled: false
2026-02-03 00:14:02.284 [info] [getSessions] [all] starting
2026-02-03 00:14:02.285 [info] [getSessions] [all] returned 0 session(s)
2026-02-03 00:14:02.285 [info] [getSessions] [all] starting
2026-02-03 00:14:02.285 [info] [getSessions] [all] returned 0 session(s)
2026-02-03 00:14:02.285 [info] [getSessions] [all] starting
2026-02-03 00:14:02.285 [info] [getSessions] [all] returned 0 session(s)
2026-02-03 00:14:02.285 [info] [getSessions] [499b84ac-1321-427f-aa17-267ca6975798/.default offline_access] starting
2026-02-03 00:14:02.285 [info] [aebc6443-996d-45c2-90f0-388ff96faa56] Native Broker enabled: false
2026-02-03 00:14:02.287 [info] [getSessions] [499b84ac-1321-427f-aa17-267ca6975798/.default offline_access] returned 0 session(s)
2026-02-03 00:14:03.036 [info] [getSessions] [499b84ac-1321-427f-aa17-267ca6975798/.default offline_access] starting
2026-02-03 00:14:03.036 [info] [getSessions] [499b84ac-1321-427f-aa17-267ca6975798/.default offline_access] returned 0 session(s)
2026-02-03 00:14:58.050 [info] Microsoft Authentication is deactivating...
2026-02-03 00:15:00.465 [info] [aebc6443-996d-45c2-90f0-388ff96faa56] Native Broker enabled: false
2026-02-03 00:15:00.469 [info] [getSessions] [all] starting
2026-02-03 00:15:00.469 [info] [getSessions] [all] returned 0 session(s)
2026-02-03 00:15:00.469 [info] [getSessions] [all] starting
2026-02-03 00:15:00.469 [info] [getSessions] [all] returned 0 session(s)
2026-02-03 00:15:00.469 [info] [getSessions] [all] starting
2026-02-03 00:15:00.469 [info] [getSessions] [all] returned 0 session(s)
2026-02-03 00:15:00.470 [info] [getSessions] [499b84ac-1321-427f-aa17-267ca6975798/.default offline_access] starting
2026-02-03 00:15:00.470 [info] [aebc6443-996d-45c2-90f0-388ff96faa56] Native Broker enabled: false
2026-02-03 00:15:00.472 [info] [getSessions] [499b84ac-1321-427f-aa17-267ca6975798/.default offline_access] returned 0 session(s)
2026-02-03 00:15:01.232 [info] [getSessions] [all] starting
2026-02-03 00:15:01.232 [info] [getSessions] [all] returned 0 session(s)
2026-02-03 00:15:01.266 [info] [getSessions] [499b84ac-1321-427f-aa17-267ca6975798/.default offline_access] starting
2026-02-03 00:15:01.266 [info] [getSessions] [499b84ac-1321-427f-aa17-267ca6975798/.default offline_access] returned 0 session(s)
2026-02-03 00:15:05.076 [info] Microsoft Authentication is deactivating...
2026-02-03 00:15:07.351 [info] [aebc6443-996d-45c2-90f0-388ff96faa56] Native Broker enabled: false
2026-02-03 00:15:07.391 [info] [getSessions] [all] starting
2026-02-03 00:15:07.391 [info] [getSessions] [all] returned 0 session(s)
2026-02-03 00:15:07.391 [info] [getSessions] [all] starting
2026-02-03 00:15:07.391 [info] [getSessions] [all] returned 0 session(s)
2026-02-03 00:15:07.391 [info] [getSessions] [all] starting
2026-02-03 00:15:07.391 [info] [getSessions] [all] returned 0 session(s)
2026-02-03 00:15:07.398 [info] [getSessions] [499b84ac-1321-427f-aa17-267ca6975798/.default offline_access] starting
2026-02-03 00:15:07.398 [info] [aebc6443-996d-45c2-90f0-388ff96faa56] Native Broker enabled: false
2026-02-03 00:15:07.462 [info] [getSessions] [499b84ac-1321-427f-aa17-267ca6975798/.default offline_access] returned 0 session(s)
2026-02-03 00:15:08.085 [info] [getSessions] [all] starting
2026-02-03 00:15:08.085 [info] [getSessions] [all] returned 0 session(s)
2026-02-03 00:15:08.393 [info] [getSessions] [499b84ac-1321-427f-aa17-267ca6975798/.default offline_access] starting
2026-02-03 00:15:08.393 [info] [getSessions] [499b84ac-1321-427f-aa17-267ca6975798/.default offline_access] returned 0 session(s)
