2026-02-01 20:13:08.316 [info] Reading sessions from keychain...
2026-02-01 20:13:08.316 [info] Getting sessions for all scopes...
2026-02-01 20:13:08.317 [info] Got 0 sessions for ...
2026-02-01 20:13:08.317 [info] Getting sessions for all scopes...
2026-02-01 20:13:08.317 [info] Got 0 sessions for ...
2026-02-01 20:13:08.317 [info] Getting sessions for all scopes...
2026-02-01 20:13:08.317 [info] Got 0 sessions for ...
2026-02-01 20:13:08.317 [info] Getting sessions for all scopes...
2026-02-01 20:13:08.317 [info] Got 0 sessions for ...
2026-02-01 20:13:08.317 [info] Getting sessions for all scopes...
2026-02-01 20:13:08.317 [info] Got 0 sessions for ...
2026-02-01 20:13:08.317 [info] Getting sessions for all scopes...
2026-02-01 20:13:08.317 [info] Got 0 sessions for ...
2026-02-01 20:13:08.317 [info] Getting sessions for all scopes...
2026-02-01 20:13:08.317 [info] Got 0 sessions for ...
2026-02-01 20:13:08.317 [info] Getting sessions for all scopes...
2026-02-01 20:13:08.317 [info] Got 0 sessions for ...
2026-02-01 20:13:08.317 [info] Getting sessions for all scopes...
2026-02-01 20:13:08.317 [info] Got 0 sessions for ...
2026-02-01 20:13:08.317 [info] Getting sessions for all scopes...
2026-02-01 20:13:08.317 [info] Got 0 sessions for ...
2026-02-01 20:13:08.317 [info] Getting sessions for all scopes...
2026-02-01 20:13:08.317 [info] Got 0 sessions for ...
2026-02-01 20:13:08.317 [info] Getting sessions for all scopes...
2026-02-01 20:13:08.317 [info] Got 0 sessions for ...
2026-02-01 20:13:08.317 [info] Getting sessions for all scopes...
2026-02-01 20:13:08.317 [info] Got 0 sessions for ...
2026-02-01 20:13:08.317 [info] Getting sessions for all scopes...
2026-02-01 20:13:08.317 [info] Got 0 sessions for ...
2026-02-01 20:13:08.317 [info] Getting sessions for all scopes...
2026-02-01 20:13:08.317 [info] Got 0 sessions for ...
2026-02-01 20:13:08.317 [info] Getting sessions for all scopes...
2026-02-01 20:13:08.317 [info] Got 0 sessions for ...
2026-02-01 20:13:08.324 [info] Getting sessions for all scopes...
2026-02-01 20:13:08.324 [info] Got 0 sessions for ...
2026-02-01 20:13:08.324 [info] Getting sessions for all scopes...
2026-02-01 20:13:08.324 [info] Got 0 sessions for ...
2026-02-01 20:13:08.634 [info] Getting sessions for user:email...
2026-02-01 20:13:08.634 [info] Got 0 sessions for user:email...
2026-02-01 20:13:08.634 [info] Getting sessions for read:user,repo,user:email,workflow...
2026-02-01 20:13:08.634 [info] Got 0 sessions for read:user,repo,user:email,workflow...
2026-02-01 20:13:08.960 [info] Getting sessions for all scopes...
2026-02-01 20:13:08.960 [info] Got 0 sessions for ...
2026-02-01 20:13:08.960 [info] Getting sessions for all scopes...
2026-02-01 20:13:08.960 [info] Got 0 sessions for ...
2026-02-01 20:13:08.960 [info] Getting sessions for all scopes...
2026-02-01 20:13:08.960 [info] Got 0 sessions for ...
2026-02-01 20:13:08.974 [info] Getting sessions for user:email...
2026-02-01 20:13:08.974 [info] Got 0 sessions for user:email...
2026-02-01 20:13:08.975 [info] Getting sessions for read:user,repo,user:email,workflow...
2026-02-01 20:13:08.975 [info] Got 0 sessions for read:user,repo,user:email,workflow...
2026-02-01 20:13:09.006 [info] Getting sessions for all scopes...
2026-02-01 20:13:09.006 [info] Got 0 sessions for ...
2026-02-01 20:13:09.008 [info] Getting sessions for user:email...
2026-02-01 20:13:09.008 [info] Got 0 sessions for user:email...
2026-02-01 20:13:09.016 [info] Getting sessions for all scopes...
2026-02-01 20:13:09.016 [info] Got 0 sessions for ...
2026-02-01 20:13:09.016 [info] Getting sessions for all scopes...
2026-02-01 20:13:09.016 [info] Got 0 sessions for ...
2026-02-01 20:13:09.017 [info] Getting sessions for all scopes...
2026-02-01 20:13:09.017 [info] Got 0 sessions for ...
2026-02-01 20:13:09.018 [info] Getting sessions for read:user,repo,user:email,workflow...
2026-02-01 20:13:09.018 [info] Got 0 sessions for read:user,repo,user:email,workflow...
2026-02-01 20:13:09.232 [info] Getting sessions for all scopes...
2026-02-01 20:13:09.232 [info] Got 0 sessions for ...
2026-02-01 20:13:09.715 [info] Getting sessions for all scopes...
2026-02-01 20:13:09.715 [info] Got 0 sessions for ...
2026-02-01 20:13:09.716 [info] Getting sessions for read:user,repo,user:email,workflow...
2026-02-01 20:13:09.716 [info] Got 0 sessions for read:user,repo,user:email,workflow...
