2026-02-02 16:05:38.742 [info] Reading sessions from keychain...
2026-02-02 16:05:38.742 [info] Getting sessions for all scopes...
2026-02-02 16:05:38.742 [info] Got 0 sessions for ...
2026-02-02 16:05:38.742 [info] Getting sessions for all scopes...
2026-02-02 16:05:38.742 [info] Got 0 sessions for ...
2026-02-02 16:05:38.742 [info] Getting sessions for all scopes...
2026-02-02 16:05:38.742 [info] Got 0 sessions for ...
2026-02-02 16:05:38.742 [info] Getting sessions for all scopes...
2026-02-02 16:05:38.742 [info] Got 0 sessions for ...
2026-02-02 16:05:38.742 [info] Getting sessions for all scopes...
2026-02-02 16:05:38.742 [info] Got 0 sessions for ...
2026-02-02 16:05:38.742 [info] Getting sessions for all scopes...
2026-02-02 16:05:38.742 [info] Got 0 sessions for ...
2026-02-02 16:05:38.742 [info] Getting sessions for all scopes...
2026-02-02 16:05:38.742 [info] Got 0 sessions for ...
2026-02-02 16:05:38.742 [info] Getting sessions for all scopes...
2026-02-02 16:05:38.742 [info] Got 0 sessions for ...
2026-02-02 16:05:38.742 [info] Getting sessions for all scopes...
2026-02-02 16:05:38.742 [info] Got 0 sessions for ...
2026-02-02 16:05:38.742 [info] Getting sessions for all scopes...
2026-02-02 16:05:38.742 [info] Got 0 sessions for ...
2026-02-02 16:05:38.742 [info] Getting sessions for all scopes...
2026-02-02 16:05:38.742 [info] Got 0 sessions for ...
2026-02-02 16:05:38.742 [info] Getting sessions for all scopes...
2026-02-02 16:05:38.742 [info] Got 0 sessions for ...
2026-02-02 16:05:38.742 [info] Getting sessions for all scopes...
2026-02-02 16:05:38.742 [info] Got 0 sessions for ...
2026-02-02 16:05:38.742 [info] Getting sessions for all scopes...
2026-02-02 16:05:38.742 [info] Got 0 sessions for ...
2026-02-02 16:05:38.742 [info] Getting sessions for all scopes...
2026-02-02 16:05:38.742 [info] Got 0 sessions for ...
2026-02-02 16:05:38.742 [info] Getting sessions for all scopes...
2026-02-02 16:05:38.742 [info] Got 0 sessions for ...
2026-02-02 16:05:38.742 [info] Getting sessions for all scopes...
2026-02-02 16:05:38.742 [info] Got 0 sessions for ...
2026-02-02 16:05:38.742 [info] Getting sessions for all scopes...
2026-02-02 16:05:38.742 [info] Got 0 sessions for ...
2026-02-02 16:05:38.742 [info] Getting sessions for user:email...
2026-02-02 16:05:38.742 [info] Got 0 sessions for user:email...
2026-02-02 16:05:38.742 [info] Getting sessions for read:user,repo,user:email,workflow...
2026-02-02 16:05:38.742 [info] Got 0 sessions for read:user,repo,user:email,workflow...
2026-02-02 16:05:39.002 [info] Getting sessions for all scopes...
2026-02-02 16:05:39.002 [info] Got 0 sessions for ...
2026-02-02 16:05:39.003 [info] Getting sessions for user:email...
2026-02-02 16:05:39.003 [info] Got 0 sessions for user:email...
2026-02-02 16:05:39.100 [info] Getting sessions for all scopes...
2026-02-02 16:05:39.100 [info] Got 0 sessions for ...
2026-02-02 16:05:39.100 [info] Getting sessions for all scopes...
2026-02-02 16:05:39.100 [info] Got 0 sessions for ...
2026-02-02 16:05:39.100 [info] Getting sessions for all scopes...
2026-02-02 16:05:39.100 [info] Got 0 sessions for ...
2026-02-02 16:05:39.102 [info] Getting sessions for user:email...
2026-02-02 16:05:39.102 [info] Got 0 sessions for user:email...
2026-02-02 16:05:39.103 [info] Getting sessions for read:user,repo,user:email,workflow...
2026-02-02 16:05:39.103 [info] Got 0 sessions for read:user,repo,user:email,workflow...
2026-02-02 16:05:39.591 [info] Getting sessions for all scopes...
2026-02-02 16:05:39.591 [info] Got 0 sessions for ...
